The system is: Linux - 3.10.0-327.22.2.el7.x86_64 - x86_64
Compiling the C compiler identification source file "CMakeCCompilerId.c" succeeded.
Compiler: /usr/bin/cc 
Build flags: 
Id flags: 

The output was:
0


Compilation of the C compiler identification source "CMakeCCompilerId.c" produced "a.out"

The C compiler identification is GNU, found in "/home/miura/programming/door_api/DooR/CMakeFiles/3.6.1/CompilerIdC/a.out"

Compiling the CXX compiler identification source file "CMakeCXXCompilerId.cpp" succeeded.
Compiler: /usr/bin/c++ 
Build flags: 
Id flags: 

The output was:
0


Compilation of the CXX compiler identification source "CMakeCXXCompilerId.cpp" produced "a.out"

The CXX compiler identification is GNU, found in "/home/miura/programming/door_api/DooR/CMakeFiles/3.6.1/CompilerIdCXX/a.out"

Determining if the C compiler works passed with the following output:
Change Dir: /home/miura/programming/door_api/DooR/CMakeFiles/CMakeTmp

Run Build Command:"/usr/bin/gmake" "cmTC_5d4bb/fast"
/usr/bin/gmake -f CMakeFiles/cmTC_5d4bb.dir/build.make CMakeFiles/cmTC_5d4bb.dir/build
gmake[1]: Entering directory `/home/miura/programming/door_api/DooR/CMakeFiles/CMakeTmp'
Building C object CMakeFiles/cmTC_5d4bb.dir/testCCompiler.c.o
/usr/bin/cc     -o CMakeFiles/cmTC_5d4bb.dir/testCCompiler.c.o   -c /home/miura/programming/door_api/DooR/CMakeFiles/CMakeTmp/testCCompiler.c
Linking C executable cmTC_5d4bb
/usr/bin/cmake3 -E cmake_link_script CMakeFiles/cmTC_5d4bb.dir/link.txt --verbose=1
/usr/bin/cc       CMakeFiles/cmTC_5d4bb.dir/testCCompiler.c.o  -o cmTC_5d4bb -rdynamic 
gmake[1]: Leaving directory `/home/miura/programming/door_api/DooR/CMakeFiles/CMakeTmp'


Detecting C compiler ABI info compiled with the following output:
Change Dir: /home/miura/programming/door_api/DooR/CMakeFiles/CMakeTmp

Run Build Command:"/usr/bin/gmake" "cmTC_91c5a/fast"
/usr/bin/gmake -f CMakeFiles/cmTC_91c5a.dir/build.make CMakeFiles/cmTC_91c5a.dir/build
gmake[1]: Entering directory `/home/miura/programming/door_api/DooR/CMakeFiles/CMakeTmp'
Building C object CMakeFiles/cmTC_91c5a.dir/CMakeCCompilerABI.c.o
/usr/bin/cc     -o CMakeFiles/cmTC_91c5a.dir/CMakeCCompilerABI.c.o   -c /usr/share/cmake3/Modules/CMakeCCompilerABI.c
Linking C executable cmTC_91c5a
/usr/bin/cmake3 -E cmake_link_script CMakeFiles/cmTC_91c5a.dir/link.txt --verbose=1
/usr/bin/cc      -v CMakeFiles/cmTC_91c5a.dir/CMakeCCompilerABI.c.o  -o cmTC_91c5a -rdynamic  
Using built-in specs.
COLLECT_GCC=/usr/bin/cc
COLLECT_LTO_WRAPPER=/usr/libexec/gcc/x86_64-redhat-linux/4.8.5/lto-wrapper
Target: x86_64-redhat-linux
Configured with: ../configure --prefix=/usr --mandir=/usr/share/man --infodir=/usr/share/info --with-bugurl=http://bugzilla.redhat.com/bugzilla --enable-bootstrap --enable-shared --enable-threads=posix --enable-checking=release --with-system-zlib --enable-__cxa_atexit --disable-libunwind-exceptions --enable-gnu-unique-object --enable-linker-build-id --with-linker-hash-style=gnu --enable-languages=c,c++,objc,obj-c++,java,fortran,ada,go,lto --enable-plugin --enable-initfini-array --disable-libgcj --with-isl=/builddir/build/BUILD/gcc-4.8.5-20150702/obj-x86_64-redhat-linux/isl-install --with-cloog=/builddir/build/BUILD/gcc-4.8.5-20150702/obj-x86_64-redhat-linux/cloog-install --enable-gnu-indirect-function --with-tune=generic --with-arch_32=x86-64 --build=x86_64-redhat-linux
Thread model: posix
gcc version 4.8.5 20150623 (Red Hat 4.8.5-4) (GCC) 
COMPILER_PATH=/usr/libexec/gcc/x86_64-redhat-linux/4.8.5/:/usr/libexec/gcc/x86_64-redhat-linux/4.8.5/:/usr/libexec/gcc/x86_64-redhat-linux/:/usr/lib/gcc/x86_64-redhat-linux/4.8.5/:/usr/lib/gcc/x86_64-redhat-linux/
LIBRARY_PATH=/usr/lib/gcc/x86_64-redhat-linux/4.8.5/:/usr/lib/gcc/x86_64-redhat-linux/4.8.5/../../../../lib64/:/lib/../lib64/:/usr/lib/../lib64/:./:/usr/lib/gcc/x86_64-redhat-linux/4.8.5/../../../:/lib/:/usr/lib/
COLLECT_GCC_OPTIONS='-v' '-o' 'cmTC_91c5a' '-rdynamic' '-mtune=generic' '-march=x86-64'
 /usr/libexec/gcc/x86_64-redhat-linux/4.8.5/collect2 --build-id --no-add-needed --eh-frame-hdr --hash-style=gnu -m elf_x86_64 -export-dynamic -dynamic-linker /lib64/ld-linux-x86-64.so.2 -o cmTC_91c5a /usr/lib/gcc/x86_64-redhat-linux/4.8.5/../../../../lib64/crt1.o /usr/lib/gcc/x86_64-redhat-linux/4.8.5/../../../../lib64/crti.o /usr/lib/gcc/x86_64-redhat-linux/4.8.5/crtbegin.o -L/usr/lib/gcc/x86_64-redhat-linux/4.8.5 -L/usr/lib/gcc/x86_64-redhat-linux/4.8.5/../../../../lib64 -L/lib/../lib64 -L/usr/lib/../lib64 -L. -L/usr/lib/gcc/x86_64-redhat-linux/4.8.5/../../.. CMakeFiles/cmTC_91c5a.dir/CMakeCCompilerABI.c.o -lgcc --as-needed -lgcc_s --no-as-needed -lc -lgcc --as-needed -lgcc_s --no-as-needed /usr/lib/gcc/x86_64-redhat-linux/4.8.5/crtend.o /usr/lib/gcc/x86_64-redhat-linux/4.8.5/../../../../lib64/crtn.o
gmake[1]: Leaving directory `/home/miura/programming/door_api/DooR/CMakeFiles/CMakeTmp'


Parsed C implicit link information from above output:
  link line regex: [^( *|.*[/\])(ld|([^/\]+-)?ld|collect2)[^/\]*( |$)]
  ignore line: [Change Dir: /home/miura/programming/door_api/DooR/CMakeFiles/CMakeTmp]
  ignore line: []
  ignore line: [Run Build Command:"/usr/bin/gmake" "cmTC_91c5a/fast"]
  ignore line: [/usr/bin/gmake -f CMakeFiles/cmTC_91c5a.dir/build.make CMakeFiles/cmTC_91c5a.dir/build]
  ignore line: [gmake[1]: Entering directory `/home/miura/programming/door_api/DooR/CMakeFiles/CMakeTmp']
  ignore line: [Building C object CMakeFiles/cmTC_91c5a.dir/CMakeCCompilerABI.c.o]
  ignore line: [/usr/bin/cc     -o CMakeFiles/cmTC_91c5a.dir/CMakeCCompilerABI.c.o   -c /usr/share/cmake3/Modules/CMakeCCompilerABI.c]
  ignore line: [Linking C executable cmTC_91c5a]
  ignore line: [/usr/bin/cmake3 -E cmake_link_script CMakeFiles/cmTC_91c5a.dir/link.txt --verbose=1]
  ignore line: [/usr/bin/cc      -v CMakeFiles/cmTC_91c5a.dir/CMakeCCompilerABI.c.o  -o cmTC_91c5a -rdynamic  ]
  ignore line: [Using built-in specs.]
  ignore line: [COLLECT_GCC=/usr/bin/cc]
  ignore line: [COLLECT_LTO_WRAPPER=/usr/libexec/gcc/x86_64-redhat-linux/4.8.5/lto-wrapper]
  ignore line: [Target: x86_64-redhat-linux]
  ignore line: [Configured with: ../configure --prefix=/usr --mandir=/usr/share/man --infodir=/usr/share/info --with-bugurl=http://bugzilla.redhat.com/bugzilla --enable-bootstrap --enable-shared --enable-threads=posix --enable-checking=release --with-system-zlib --enable-__cxa_atexit --disable-libunwind-exceptions --enable-gnu-unique-object --enable-linker-build-id --with-linker-hash-style=gnu --enable-languages=c,c++,objc,obj-c++,java,fortran,ada,go,lto --enable-plugin --enable-initfini-array --disable-libgcj --with-isl=/builddir/build/BUILD/gcc-4.8.5-20150702/obj-x86_64-redhat-linux/isl-install --with-cloog=/builddir/build/BUILD/gcc-4.8.5-20150702/obj-x86_64-redhat-linux/cloog-install --enable-gnu-indirect-function --with-tune=generic --with-arch_32=x86-64 --build=x86_64-redhat-linux]
  ignore line: [Thread model: posix]
  ignore line: [gcc version 4.8.5 20150623 (Red Hat 4.8.5-4) (GCC) ]
  ignore line: [COMPILER_PATH=/usr/libexec/gcc/x86_64-redhat-linux/4.8.5/:/usr/libexec/gcc/x86_64-redhat-linux/4.8.5/:/usr/libexec/gcc/x86_64-redhat-linux/:/usr/lib/gcc/x86_64-redhat-linux/4.8.5/:/usr/lib/gcc/x86_64-redhat-linux/]
  ignore line: [LIBRARY_PATH=/usr/lib/gcc/x86_64-redhat-linux/4.8.5/:/usr/lib/gcc/x86_64-redhat-linux/4.8.5/../../../../lib64/:/lib/../lib64/:/usr/lib/../lib64/:./:/usr/lib/gcc/x86_64-redhat-linux/4.8.5/../../../:/lib/:/usr/lib/]
  ignore line: [COLLECT_GCC_OPTIONS='-v' '-o' 'cmTC_91c5a' '-rdynamic' '-mtune=generic' '-march=x86-64']
  link line: [ /usr/libexec/gcc/x86_64-redhat-linux/4.8.5/collect2 --build-id --no-add-needed --eh-frame-hdr --hash-style=gnu -m elf_x86_64 -export-dynamic -dynamic-linker /lib64/ld-linux-x86-64.so.2 -o cmTC_91c5a /usr/lib/gcc/x86_64-redhat-linux/4.8.5/../../../../lib64/crt1.o /usr/lib/gcc/x86_64-redhat-linux/4.8.5/../../../../lib64/crti.o /usr/lib/gcc/x86_64-redhat-linux/4.8.5/crtbegin.o -L/usr/lib/gcc/x86_64-redhat-linux/4.8.5 -L/usr/lib/gcc/x86_64-redhat-linux/4.8.5/../../../../lib64 -L/lib/../lib64 -L/usr/lib/../lib64 -L. -L/usr/lib/gcc/x86_64-redhat-linux/4.8.5/../../.. CMakeFiles/cmTC_91c5a.dir/CMakeCCompilerABI.c.o -lgcc --as-needed -lgcc_s --no-as-needed -lc -lgcc --as-needed -lgcc_s --no-as-needed /usr/lib/gcc/x86_64-redhat-linux/4.8.5/crtend.o /usr/lib/gcc/x86_64-redhat-linux/4.8.5/../../../../lib64/crtn.o]
    arg [/usr/libexec/gcc/x86_64-redhat-linux/4.8.5/collect2] ==> ignore
    arg [--build-id] ==> ignore
    arg [--no-add-needed] ==> ignore
    arg [--eh-frame-hdr] ==> ignore
    arg [--hash-style=gnu] ==> ignore
    arg [-m] ==> ignore
    arg [elf_x86_64] ==> ignore
    arg [-export-dynamic] ==> ignore
    arg [-dynamic-linker] ==> ignore
    arg [/lib64/ld-linux-x86-64.so.2] ==> ignore
    arg [-o] ==> ignore
    arg [cmTC_91c5a] ==> ignore
    arg [/usr/lib/gcc/x86_64-redhat-linux/4.8.5/../../../../lib64/crt1.o] ==> ignore
    arg [/usr/lib/gcc/x86_64-redhat-linux/4.8.5/../../../../lib64/crti.o] ==> ignore
    arg [/usr/lib/gcc/x86_64-redhat-linux/4.8.5/crtbegin.o] ==> ignore
    arg [-L/usr/lib/gcc/x86_64-redhat-linux/4.8.5] ==> dir [/usr/lib/gcc/x86_64-redhat-linux/4.8.5]
    arg [-L/usr/lib/gcc/x86_64-redhat-linux/4.8.5/../../../../lib64] ==> dir [/usr/lib/gcc/x86_64-redhat-linux/4.8.5/../../../../lib64]
    arg [-L/lib/../lib64] ==> dir [/lib/../lib64]
    arg [-L/usr/lib/../lib64] ==> dir [/usr/lib/../lib64]
    arg [-L.] ==> ignore
    arg [-L/usr/lib/gcc/x86_64-redhat-linux/4.8.5/../../..] ==> dir [/usr/lib/gcc/x86_64-redhat-linux/4.8.5/../../..]
    arg [CMakeFiles/cmTC_91c5a.dir/CMakeCCompilerABI.c.o] ==> ignore
    arg [-lgcc] ==> lib [gcc]
    arg [--as-needed] ==> ignore
    arg [-lgcc_s] ==> lib [gcc_s]
    arg [--no-as-needed] ==> ignore
    arg [-lc] ==> lib [c]
    arg [-lgcc] ==> lib [gcc]
    arg [--as-needed] ==> ignore
    arg [-lgcc_s] ==> lib [gcc_s]
    arg [--no-as-needed] ==> ignore
    arg [/usr/lib/gcc/x86_64-redhat-linux/4.8.5/crtend.o] ==> ignore
    arg [/usr/lib/gcc/x86_64-redhat-linux/4.8.5/../../../../lib64/crtn.o] ==> ignore
  remove lib [gcc]
  remove lib [gcc_s]
  remove lib [gcc]
  remove lib [gcc_s]
  collapse library dir [/usr/lib/gcc/x86_64-redhat-linux/4.8.5] ==> [/usr/lib/gcc/x86_64-redhat-linux/4.8.5]
  collapse library dir [/usr/lib/gcc/x86_64-redhat-linux/4.8.5/../../../../lib64] ==> [/usr/lib64]
  collapse library dir [/lib/../lib64] ==> [/lib64]
  collapse library dir [/usr/lib/../lib64] ==> [/usr/lib64]
  collapse library dir [/usr/lib/gcc/x86_64-redhat-linux/4.8.5/../../..] ==> [/usr/lib]
  implicit libs: [c]
  implicit dirs: [/usr/lib/gcc/x86_64-redhat-linux/4.8.5;/usr/lib64;/lib64;/usr/lib]
  implicit fwks: []




Detecting C [-std=c11] compiler features compiled with the following output:
Change Dir: /home/miura/programming/door_api/DooR/CMakeFiles/CMakeTmp

Run Build Command:"/usr/bin/gmake" "cmTC_bf7ad/fast"
/usr/bin/gmake -f CMakeFiles/cmTC_bf7ad.dir/build.make CMakeFiles/cmTC_bf7ad.dir/build
gmake[1]: Entering directory `/home/miura/programming/door_api/DooR/CMakeFiles/CMakeTmp'
Building C object CMakeFiles/cmTC_bf7ad.dir/feature_tests.c.o
/usr/bin/cc    -std=c11 -o CMakeFiles/cmTC_bf7ad.dir/feature_tests.c.o   -c /home/miura/programming/door_api/DooR/CMakeFiles/feature_tests.c
Linking C executable cmTC_bf7ad
/usr/bin/cmake3 -E cmake_link_script CMakeFiles/cmTC_bf7ad.dir/link.txt --verbose=1
/usr/bin/cc       CMakeFiles/cmTC_bf7ad.dir/feature_tests.c.o  -o cmTC_bf7ad -rdynamic 
gmake[1]: Leaving directory `/home/miura/programming/door_api/DooR/CMakeFiles/CMakeTmp'


    Feature record: C_FEATURE:1c_function_prototypes
    Feature record: C_FEATURE:1c_restrict
    Feature record: C_FEATURE:1c_static_assert
    Feature record: C_FEATURE:1c_variadic_macros


Detecting C [-std=c99] compiler features compiled with the following output:
Change Dir: /home/miura/programming/door_api/DooR/CMakeFiles/CMakeTmp

Run Build Command:"/usr/bin/gmake" "cmTC_658f1/fast"
/usr/bin/gmake -f CMakeFiles/cmTC_658f1.dir/build.make CMakeFiles/cmTC_658f1.dir/build
gmake[1]: Entering directory `/home/miura/programming/door_api/DooR/CMakeFiles/CMakeTmp'
Building C object CMakeFiles/cmTC_658f1.dir/feature_tests.c.o
/usr/bin/cc    -std=c99 -o CMakeFiles/cmTC_658f1.dir/feature_tests.c.o   -c /home/miura/programming/door_api/DooR/CMakeFiles/feature_tests.c
Linking C executable cmTC_658f1
/usr/bin/cmake3 -E cmake_link_script CMakeFiles/cmTC_658f1.dir/link.txt --verbose=1
/usr/bin/cc       CMakeFiles/cmTC_658f1.dir/feature_tests.c.o  -o cmTC_658f1 -rdynamic 
gmake[1]: Leaving directory `/home/miura/programming/door_api/DooR/CMakeFiles/CMakeTmp'


    Feature record: C_FEATURE:1c_function_prototypes
    Feature record: C_FEATURE:1c_restrict
    Feature record: C_FEATURE:0c_static_assert
    Feature record: C_FEATURE:1c_variadic_macros


Detecting C [-std=c90] compiler features compiled with the following output:
Change Dir: /home/miura/programming/door_api/DooR/CMakeFiles/CMakeTmp

Run Build Command:"/usr/bin/gmake" "cmTC_d3f09/fast"
/usr/bin/gmake -f CMakeFiles/cmTC_d3f09.dir/build.make CMakeFiles/cmTC_d3f09.dir/build
gmake[1]: Entering directory `/home/miura/programming/door_api/DooR/CMakeFiles/CMakeTmp'
Building C object CMakeFiles/cmTC_d3f09.dir/feature_tests.c.o
/usr/bin/cc    -std=c90 -o CMakeFiles/cmTC_d3f09.dir/feature_tests.c.o   -c /home/miura/programming/door_api/DooR/CMakeFiles/feature_tests.c
Linking C executable cmTC_d3f09
/usr/bin/cmake3 -E cmake_link_script CMakeFiles/cmTC_d3f09.dir/link.txt --verbose=1
/usr/bin/cc       CMakeFiles/cmTC_d3f09.dir/feature_tests.c.o  -o cmTC_d3f09 -rdynamic 
gmake[1]: Leaving directory `/home/miura/programming/door_api/DooR/CMakeFiles/CMakeTmp'


    Feature record: C_FEATURE:1c_function_prototypes
    Feature record: C_FEATURE:0c_restrict
    Feature record: C_FEATURE:0c_static_assert
    Feature record: C_FEATURE:0c_variadic_macros
Determining if the CXX compiler works passed with the following output:
Change Dir: /home/miura/programming/door_api/DooR/CMakeFiles/CMakeTmp

Run Build Command:"/usr/bin/gmake" "cmTC_fe811/fast"
/usr/bin/gmake -f CMakeFiles/cmTC_fe811.dir/build.make CMakeFiles/cmTC_fe811.dir/build
gmake[1]: Entering directory `/home/miura/programming/door_api/DooR/CMakeFiles/CMakeTmp'
Building CXX object CMakeFiles/cmTC_fe811.dir/testCXXCompiler.cxx.o
/usr/bin/c++      -o CMakeFiles/cmTC_fe811.dir/testCXXCompiler.cxx.o -c /home/miura/programming/door_api/DooR/CMakeFiles/CMakeTmp/testCXXCompiler.cxx
Linking CXX executable cmTC_fe811
/usr/bin/cmake3 -E cmake_link_script CMakeFiles/cmTC_fe811.dir/link.txt --verbose=1
/usr/bin/c++        CMakeFiles/cmTC_fe811.dir/testCXXCompiler.cxx.o  -o cmTC_fe811 -rdynamic 
gmake[1]: Leaving directory `/home/miura/programming/door_api/DooR/CMakeFiles/CMakeTmp'


Detecting CXX compiler ABI info compiled with the following output:
Change Dir: /home/miura/programming/door_api/DooR/CMakeFiles/CMakeTmp

Run Build Command:"/usr/bin/gmake" "cmTC_92010/fast"
/usr/bin/gmake -f CMakeFiles/cmTC_92010.dir/build.make CMakeFiles/cmTC_92010.dir/build
gmake[1]: Entering directory `/home/miura/programming/door_api/DooR/CMakeFiles/CMakeTmp'
Building CXX object CMakeFiles/cmTC_92010.dir/CMakeCXXCompilerABI.cpp.o
/usr/bin/c++      -o CMakeFiles/cmTC_92010.dir/CMakeCXXCompilerABI.cpp.o -c /usr/share/cmake3/Modules/CMakeCXXCompilerABI.cpp
Linking CXX executable cmTC_92010
/usr/bin/cmake3 -E cmake_link_script CMakeFiles/cmTC_92010.dir/link.txt --verbose=1
/usr/bin/c++       -v CMakeFiles/cmTC_92010.dir/CMakeCXXCompilerABI.cpp.o  -o cmTC_92010 -rdynamic  
Using built-in specs.
COLLECT_GCC=/usr/bin/c++
COLLECT_LTO_WRAPPER=/usr/libexec/gcc/x86_64-redhat-linux/4.8.5/lto-wrapper
Target: x86_64-redhat-linux
Configured with: ../configure --prefix=/usr --mandir=/usr/share/man --infodir=/usr/share/info --with-bugurl=http://bugzilla.redhat.com/bugzilla --enable-bootstrap --enable-shared --enable-threads=posix --enable-checking=release --with-system-zlib --enable-__cxa_atexit --disable-libunwind-exceptions --enable-gnu-unique-object --enable-linker-build-id --with-linker-hash-style=gnu --enable-languages=c,c++,objc,obj-c++,java,fortran,ada,go,lto --enable-plugin --enable-initfini-array --disable-libgcj --with-isl=/builddir/build/BUILD/gcc-4.8.5-20150702/obj-x86_64-redhat-linux/isl-install --with-cloog=/builddir/build/BUILD/gcc-4.8.5-20150702/obj-x86_64-redhat-linux/cloog-install --enable-gnu-indirect-function --with-tune=generic --with-arch_32=x86-64 --build=x86_64-redhat-linux
Thread model: posix
gcc version 4.8.5 20150623 (Red Hat 4.8.5-4) (GCC) 
COMPILER_PATH=/usr/libexec/gcc/x86_64-redhat-linux/4.8.5/:/usr/libexec/gcc/x86_64-redhat-linux/4.8.5/:/usr/libexec/gcc/x86_64-redhat-linux/:/usr/lib/gcc/x86_64-redhat-linux/4.8.5/:/usr/lib/gcc/x86_64-redhat-linux/
LIBRARY_PATH=/usr/lib/gcc/x86_64-redhat-linux/4.8.5/:/usr/lib/gcc/x86_64-redhat-linux/4.8.5/../../../../lib64/:/lib/../lib64/:/usr/lib/../lib64/:./:/usr/lib/gcc/x86_64-redhat-linux/4.8.5/../../../:/lib/:/usr/lib/
COLLECT_GCC_OPTIONS='-v' '-o' 'cmTC_92010' '-rdynamic' '-shared-libgcc' '-mtune=generic' '-march=x86-64'
 /usr/libexec/gcc/x86_64-redhat-linux/4.8.5/collect2 --build-id --no-add-needed --eh-frame-hdr --hash-style=gnu -m elf_x86_64 -export-dynamic -dynamic-linker /lib64/ld-linux-x86-64.so.2 -o cmTC_92010 /usr/lib/gcc/x86_64-redhat-linux/4.8.5/../../../../lib64/crt1.o /usr/lib/gcc/x86_64-redhat-linux/4.8.5/../../../../lib64/crti.o /usr/lib/gcc/x86_64-redhat-linux/4.8.5/crtbegin.o -L/usr/lib/gcc/x86_64-redhat-linux/4.8.5 -L/usr/lib/gcc/x86_64-redhat-linux/4.8.5/../../../../lib64 -L/lib/../lib64 -L/usr/lib/../lib64 -L. -L/usr/lib/gcc/x86_64-redhat-linux/4.8.5/../../.. CMakeFiles/cmTC_92010.dir/CMakeCXXCompilerABI.cpp.o -lstdc++ -lm -lgcc_s -lgcc -lc -lgcc_s -lgcc /usr/lib/gcc/x86_64-redhat-linux/4.8.5/crtend.o /usr/lib/gcc/x86_64-redhat-linux/4.8.5/../../../../lib64/crtn.o
gmake[1]: Leaving directory `/home/miura/programming/door_api/DooR/CMakeFiles/CMakeTmp'


Parsed CXX implicit link information from above output:
  link line regex: [^( *|.*[/\])(ld|([^/\]+-)?ld|collect2)[^/\]*( |$)]
  ignore line: [Change Dir: /home/miura/programming/door_api/DooR/CMakeFiles/CMakeTmp]
  ignore line: []
  ignore line: [Run Build Command:"/usr/bin/gmake" "cmTC_92010/fast"]
  ignore line: [/usr/bin/gmake -f CMakeFiles/cmTC_92010.dir/build.make CMakeFiles/cmTC_92010.dir/build]
  ignore line: [gmake[1]: Entering directory `/home/miura/programming/door_api/DooR/CMakeFiles/CMakeTmp']
  ignore line: [Building CXX object CMakeFiles/cmTC_92010.dir/CMakeCXXCompilerABI.cpp.o]
  ignore line: [/usr/bin/c++      -o CMakeFiles/cmTC_92010.dir/CMakeCXXCompilerABI.cpp.o -c /usr/share/cmake3/Modules/CMakeCXXCompilerABI.cpp]
  ignore line: [Linking CXX executable cmTC_92010]
  ignore line: [/usr/bin/cmake3 -E cmake_link_script CMakeFiles/cmTC_92010.dir/link.txt --verbose=1]
  ignore line: [/usr/bin/c++       -v CMakeFiles/cmTC_92010.dir/CMakeCXXCompilerABI.cpp.o  -o cmTC_92010 -rdynamic  ]
  ignore line: [Using built-in specs.]
  ignore line: [COLLECT_GCC=/usr/bin/c++]
  ignore line: [COLLECT_LTO_WRAPPER=/usr/libexec/gcc/x86_64-redhat-linux/4.8.5/lto-wrapper]
  ignore line: [Target: x86_64-redhat-linux]
  ignore line: [Configured with: ../configure --prefix=/usr --mandir=/usr/share/man --infodir=/usr/share/info --with-bugurl=http://bugzilla.redhat.com/bugzilla --enable-bootstrap --enable-shared --enable-threads=posix --enable-checking=release --with-system-zlib --enable-__cxa_atexit --disable-libunwind-exceptions --enable-gnu-unique-object --enable-linker-build-id --with-linker-hash-style=gnu --enable-languages=c,c++,objc,obj-c++,java,fortran,ada,go,lto --enable-plugin --enable-initfini-array --disable-libgcj --with-isl=/builddir/build/BUILD/gcc-4.8.5-20150702/obj-x86_64-redhat-linux/isl-install --with-cloog=/builddir/build/BUILD/gcc-4.8.5-20150702/obj-x86_64-redhat-linux/cloog-install --enable-gnu-indirect-function --with-tune=generic --with-arch_32=x86-64 --build=x86_64-redhat-linux]
  ignore line: [Thread model: posix]
  ignore line: [gcc version 4.8.5 20150623 (Red Hat 4.8.5-4) (GCC) ]
  ignore line: [COMPILER_PATH=/usr/libexec/gcc/x86_64-redhat-linux/4.8.5/:/usr/libexec/gcc/x86_64-redhat-linux/4.8.5/:/usr/libexec/gcc/x86_64-redhat-linux/:/usr/lib/gcc/x86_64-redhat-linux/4.8.5/:/usr/lib/gcc/x86_64-redhat-linux/]
  ignore line: [LIBRARY_PATH=/usr/lib/gcc/x86_64-redhat-linux/4.8.5/:/usr/lib/gcc/x86_64-redhat-linux/4.8.5/../../../../lib64/:/lib/../lib64/:/usr/lib/../lib64/:./:/usr/lib/gcc/x86_64-redhat-linux/4.8.5/../../../:/lib/:/usr/lib/]
  ignore line: [COLLECT_GCC_OPTIONS='-v' '-o' 'cmTC_92010' '-rdynamic' '-shared-libgcc' '-mtune=generic' '-march=x86-64']
  link line: [ /usr/libexec/gcc/x86_64-redhat-linux/4.8.5/collect2 --build-id --no-add-needed --eh-frame-hdr --hash-style=gnu -m elf_x86_64 -export-dynamic -dynamic-linker /lib64/ld-linux-x86-64.so.2 -o cmTC_92010 /usr/lib/gcc/x86_64-redhat-linux/4.8.5/../../../../lib64/crt1.o /usr/lib/gcc/x86_64-redhat-linux/4.8.5/../../../../lib64/crti.o /usr/lib/gcc/x86_64-redhat-linux/4.8.5/crtbegin.o -L/usr/lib/gcc/x86_64-redhat-linux/4.8.5 -L/usr/lib/gcc/x86_64-redhat-linux/4.8.5/../../../../lib64 -L/lib/../lib64 -L/usr/lib/../lib64 -L. -L/usr/lib/gcc/x86_64-redhat-linux/4.8.5/../../.. CMakeFiles/cmTC_92010.dir/CMakeCXXCompilerABI.cpp.o -lstdc++ -lm -lgcc_s -lgcc -lc -lgcc_s -lgcc /usr/lib/gcc/x86_64-redhat-linux/4.8.5/crtend.o /usr/lib/gcc/x86_64-redhat-linux/4.8.5/../../../../lib64/crtn.o]
    arg [/usr/libexec/gcc/x86_64-redhat-linux/4.8.5/collect2] ==> ignore
    arg [--build-id] ==> ignore
    arg [--no-add-needed] ==> ignore
    arg [--eh-frame-hdr] ==> ignore
    arg [--hash-style=gnu] ==> ignore
    arg [-m] ==> ignore
    arg [elf_x86_64] ==> ignore
    arg [-export-dynamic] ==> ignore
    arg [-dynamic-linker] ==> ignore
    arg [/lib64/ld-linux-x86-64.so.2] ==> ignore
    arg [-o] ==> ignore
    arg [cmTC_92010] ==> ignore
    arg [/usr/lib/gcc/x86_64-redhat-linux/4.8.5/../../../../lib64/crt1.o] ==> ignore
    arg [/usr/lib/gcc/x86_64-redhat-linux/4.8.5/../../../../lib64/crti.o] ==> ignore
    arg [/usr/lib/gcc/x86_64-redhat-linux/4.8.5/crtbegin.o] ==> ignore
    arg [-L/usr/lib/gcc/x86_64-redhat-linux/4.8.5] ==> dir [/usr/lib/gcc/x86_64-redhat-linux/4.8.5]
    arg [-L/usr/lib/gcc/x86_64-redhat-linux/4.8.5/../../../../lib64] ==> dir [/usr/lib/gcc/x86_64-redhat-linux/4.8.5/../../../../lib64]
    arg [-L/lib/../lib64] ==> dir [/lib/../lib64]
    arg [-L/usr/lib/../lib64] ==> dir [/usr/lib/../lib64]
    arg [-L.] ==> ignore
    arg [-L/usr/lib/gcc/x86_64-redhat-linux/4.8.5/../../..] ==> dir [/usr/lib/gcc/x86_64-redhat-linux/4.8.5/../../..]
    arg [CMakeFiles/cmTC_92010.dir/CMakeCXXCompilerABI.cpp.o] ==> ignore
    arg [-lstdc++] ==> lib [stdc++]
    arg [-lm] ==> lib [m]
    arg [-lgcc_s] ==> lib [gcc_s]
    arg [-lgcc] ==> lib [gcc]
    arg [-lc] ==> lib [c]
    arg [-lgcc_s] ==> lib [gcc_s]
    arg [-lgcc] ==> lib [gcc]
    arg [/usr/lib/gcc/x86_64-redhat-linux/4.8.5/crtend.o] ==> ignore
    arg [/usr/lib/gcc/x86_64-redhat-linux/4.8.5/../../../../lib64/crtn.o] ==> ignore
  remove lib [gcc_s]
  remove lib [gcc]
  remove lib [gcc_s]
  remove lib [gcc]
  collapse library dir [/usr/lib/gcc/x86_64-redhat-linux/4.8.5] ==> [/usr/lib/gcc/x86_64-redhat-linux/4.8.5]
  collapse library dir [/usr/lib/gcc/x86_64-redhat-linux/4.8.5/../../../../lib64] ==> [/usr/lib64]
  collapse library dir [/lib/../lib64] ==> [/lib64]
  collapse library dir [/usr/lib/../lib64] ==> [/usr/lib64]
  collapse library dir [/usr/lib/gcc/x86_64-redhat-linux/4.8.5/../../..] ==> [/usr/lib]
  implicit libs: [stdc++;m;c]
  implicit dirs: [/usr/lib/gcc/x86_64-redhat-linux/4.8.5;/usr/lib64;/lib64;/usr/lib]
  implicit fwks: []




Detecting CXX [-std=c++1y] compiler features compiled with the following output:
Change Dir: /home/miura/programming/door_api/DooR/CMakeFiles/CMakeTmp

Run Build Command:"/usr/bin/gmake" "cmTC_5ec77/fast"
/usr/bin/gmake -f CMakeFiles/cmTC_5ec77.dir/build.make CMakeFiles/cmTC_5ec77.dir/build
gmake[1]: Entering directory `/home/miura/programming/door_api/DooR/CMakeFiles/CMakeTmp'
Building CXX object CMakeFiles/cmTC_5ec77.dir/feature_tests.cxx.o
/usr/bin/c++     -std=c++1y -o CMakeFiles/cmTC_5ec77.dir/feature_tests.cxx.o -c /home/miura/programming/door_api/DooR/CMakeFiles/feature_tests.cxx
Linking CXX executable cmTC_5ec77
/usr/bin/cmake3 -E cmake_link_script CMakeFiles/cmTC_5ec77.dir/link.txt --verbose=1
/usr/bin/c++        CMakeFiles/cmTC_5ec77.dir/feature_tests.cxx.o  -o cmTC_5ec77 -rdynamic 
gmake[1]: Leaving directory `/home/miura/programming/door_api/DooR/CMakeFiles/CMakeTmp'


    Feature record: CXX_FEATURE:0cxx_aggregate_default_initializers
    Feature record: CXX_FEATURE:1cxx_alias_templates
    Feature record: CXX_FEATURE:1cxx_alignas
    Feature record: CXX_FEATURE:1cxx_alignof
    Feature record: CXX_FEATURE:1cxx_attributes
    Feature record: CXX_FEATURE:0cxx_attribute_deprecated
    Feature record: CXX_FEATURE:1cxx_auto_type
    Feature record: CXX_FEATURE:0cxx_binary_literals
    Feature record: CXX_FEATURE:1cxx_constexpr
    Feature record: CXX_FEATURE:0cxx_contextual_conversions
    Feature record: CXX_FEATURE:1cxx_decltype
    Feature record: CXX_FEATURE:0cxx_decltype_auto
    Feature record: CXX_FEATURE:1cxx_decltype_incomplete_return_types
    Feature record: CXX_FEATURE:1cxx_default_function_template_args
    Feature record: CXX_FEATURE:1cxx_defaulted_functions
    Feature record: CXX_FEATURE:1cxx_defaulted_move_initializers
    Feature record: CXX_FEATURE:1cxx_delegating_constructors
    Feature record: CXX_FEATURE:1cxx_deleted_functions
    Feature record: CXX_FEATURE:0cxx_digit_separators
    Feature record: CXX_FEATURE:1cxx_enum_forward_declarations
    Feature record: CXX_FEATURE:1cxx_explicit_conversions
    Feature record: CXX_FEATURE:1cxx_extended_friend_declarations
    Feature record: CXX_FEATURE:1cxx_extern_templates
    Feature record: CXX_FEATURE:1cxx_final
    Feature record: CXX_FEATURE:1cxx_func_identifier
    Feature record: CXX_FEATURE:1cxx_generalized_initializers
    Feature record: CXX_FEATURE:0cxx_generic_lambdas
    Feature record: CXX_FEATURE:1cxx_inheriting_constructors
    Feature record: CXX_FEATURE:1cxx_inline_namespaces
    Feature record: CXX_FEATURE:1cxx_lambdas
    Feature record: CXX_FEATURE:0cxx_lambda_init_captures
    Feature record: CXX_FEATURE:1cxx_local_type_template_args
    Feature record: CXX_FEATURE:1cxx_long_long_type
    Feature record: CXX_FEATURE:1cxx_noexcept
    Feature record: CXX_FEATURE:1cxx_nonstatic_member_init
    Feature record: CXX_FEATURE:1cxx_nullptr
    Feature record: CXX_FEATURE:1cxx_override
    Feature record: CXX_FEATURE:1cxx_range_for
    Feature record: CXX_FEATURE:1cxx_raw_string_literals
    Feature record: CXX_FEATURE:1cxx_reference_qualified_functions
    Feature record: CXX_FEATURE:0cxx_relaxed_constexpr
    Feature record: CXX_FEATURE:0cxx_return_type_deduction
    Feature record: CXX_FEATURE:1cxx_right_angle_brackets
    Feature record: CXX_FEATURE:1cxx_rvalue_references
    Feature record: CXX_FEATURE:1cxx_sizeof_member
    Feature record: CXX_FEATURE:1cxx_static_assert
    Feature record: CXX_FEATURE:1cxx_strong_enums
    Feature record: CXX_FEATURE:1cxx_template_template_parameters
    Feature record: CXX_FEATURE:1cxx_thread_local
    Feature record: CXX_FEATURE:1cxx_trailing_return_types
    Feature record: CXX_FEATURE:1cxx_unicode_literals
    Feature record: CXX_FEATURE:1cxx_uniform_initialization
    Feature record: CXX_FEATURE:1cxx_unrestricted_unions
    Feature record: CXX_FEATURE:1cxx_user_literals
    Feature record: CXX_FEATURE:0cxx_variable_templates
    Feature record: CXX_FEATURE:1cxx_variadic_macros
    Feature record: CXX_FEATURE:1cxx_variadic_templates


Detecting CXX [-std=c++11] compiler features compiled with the following output:
Change Dir: /home/miura/programming/door_api/DooR/CMakeFiles/CMakeTmp

Run Build Command:"/usr/bin/gmake" "cmTC_185a7/fast"
/usr/bin/gmake -f CMakeFiles/cmTC_185a7.dir/build.make CMakeFiles/cmTC_185a7.dir/build
gmake[1]: Entering directory `/home/miura/programming/door_api/DooR/CMakeFiles/CMakeTmp'
Building CXX object CMakeFiles/cmTC_185a7.dir/feature_tests.cxx.o
/usr/bin/c++     -std=c++11 -o CMakeFiles/cmTC_185a7.dir/feature_tests.cxx.o -c /home/miura/programming/door_api/DooR/CMakeFiles/feature_tests.cxx
Linking CXX executable cmTC_185a7
/usr/bin/cmake3 -E cmake_link_script CMakeFiles/cmTC_185a7.dir/link.txt --verbose=1
/usr/bin/c++        CMakeFiles/cmTC_185a7.dir/feature_tests.cxx.o  -o cmTC_185a7 -rdynamic 
gmake[1]: Leaving directory `/home/miura/programming/door_api/DooR/CMakeFiles/CMakeTmp'


    Feature record: CXX_FEATURE:0cxx_aggregate_default_initializers
    Feature record: CXX_FEATURE:1cxx_alias_templates
    Feature record: CXX_FEATURE:1cxx_alignas
    Feature record: CXX_FEATURE:1cxx_alignof
    Feature record: CXX_FEATURE:1cxx_attributes
    Feature record: CXX_FEATURE:0cxx_attribute_deprecated
    Feature record: CXX_FEATURE:1cxx_auto_type
    Feature record: CXX_FEATURE:0cxx_binary_literals
    Feature record: CXX_FEATURE:1cxx_constexpr
    Feature record: CXX_FEATURE:0cxx_contextual_conversions
    Feature record: CXX_FEATURE:1cxx_decltype
    Feature record: CXX_FEATURE:0cxx_decltype_auto
    Feature record: CXX_FEATURE:1cxx_decltype_incomplete_return_types
    Feature record: CXX_FEATURE:1cxx_default_function_template_args
    Feature record: CXX_FEATURE:1cxx_defaulted_functions
    Feature record: CXX_FEATURE:1cxx_defaulted_move_initializers
    Feature record: CXX_FEATURE:1cxx_delegating_constructors
    Feature record: CXX_FEATURE:1cxx_deleted_functions
    Feature record: CXX_FEATURE:0cxx_digit_separators
    Feature record: CXX_FEATURE:1cxx_enum_forward_declarations
    Feature record: CXX_FEATURE:1cxx_explicit_conversions
    Feature record: CXX_FEATURE:1cxx_extended_friend_declarations
    Feature record: CXX_FEATURE:1cxx_extern_templates
    Feature record: CXX_FEATURE:1cxx_final
    Feature record: CXX_FEATURE:1cxx_func_identifier
    Feature record: CXX_FEATURE:1cxx_generalized_initializers
    Feature record: CXX_FEATURE:0cxx_generic_lambdas
    Feature record: CXX_FEATURE:1cxx_inheriting_constructors
    Feature record: CXX_FEATURE:1cxx_inline_namespaces
    Feature record: CXX_FEATURE:1cxx_lambdas
    Feature record: CXX_FEATURE:0cxx_lambda_init_captures
    Feature record: CXX_FEATURE:1cxx_local_type_template_args
    Feature record: CXX_FEATURE:1cxx_long_long_type
    Feature record: CXX_FEATURE:1cxx_noexcept
    Feature record: CXX_FEATURE:1cxx_nonstatic_member_init
    Feature record: CXX_FEATURE:1cxx_nullptr
    Feature record: CXX_FEATURE:1cxx_override
    Feature record: CXX_FEATURE:1cxx_range_for
    Feature record: CXX_FEATURE:1cxx_raw_string_literals
    Feature record: CXX_FEATURE:1cxx_reference_qualified_functions
    Feature record: CXX_FEATURE:0cxx_relaxed_constexpr
    Feature record: CXX_FEATURE:0cxx_return_type_deduction
    Feature record: CXX_FEATURE:1cxx_right_angle_brackets
    Feature record: CXX_FEATURE:1cxx_rvalue_references
    Feature record: CXX_FEATURE:1cxx_sizeof_member
    Feature record: CXX_FEATURE:1cxx_static_assert
    Feature record: CXX_FEATURE:1cxx_strong_enums
    Feature record: CXX_FEATURE:1cxx_template_template_parameters
    Feature record: CXX_FEATURE:1cxx_thread_local
    Feature record: CXX_FEATURE:1cxx_trailing_return_types
    Feature record: CXX_FEATURE:1cxx_unicode_literals
    Feature record: CXX_FEATURE:1cxx_uniform_initialization
    Feature record: CXX_FEATURE:1cxx_unrestricted_unions
    Feature record: CXX_FEATURE:1cxx_user_literals
    Feature record: CXX_FEATURE:0cxx_variable_templates
    Feature record: CXX_FEATURE:1cxx_variadic_macros
    Feature record: CXX_FEATURE:1cxx_variadic_templates


Detecting CXX [-std=c++98] compiler features compiled with the following output:
Change Dir: /home/miura/programming/door_api/DooR/CMakeFiles/CMakeTmp

Run Build Command:"/usr/bin/gmake" "cmTC_f0db9/fast"
/usr/bin/gmake -f CMakeFiles/cmTC_f0db9.dir/build.make CMakeFiles/cmTC_f0db9.dir/build
gmake[1]: Entering directory `/home/miura/programming/door_api/DooR/CMakeFiles/CMakeTmp'
Building CXX object CMakeFiles/cmTC_f0db9.dir/feature_tests.cxx.o
/usr/bin/c++     -std=c++98 -o CMakeFiles/cmTC_f0db9.dir/feature_tests.cxx.o -c /home/miura/programming/door_api/DooR/CMakeFiles/feature_tests.cxx
Linking CXX executable cmTC_f0db9
/usr/bin/cmake3 -E cmake_link_script CMakeFiles/cmTC_f0db9.dir/link.txt --verbose=1
/usr/bin/c++        CMakeFiles/cmTC_f0db9.dir/feature_tests.cxx.o  -o cmTC_f0db9 -rdynamic 
gmake[1]: Leaving directory `/home/miura/programming/door_api/DooR/CMakeFiles/CMakeTmp'


    Feature record: CXX_FEATURE:0cxx_aggregate_default_initializers
    Feature record: CXX_FEATURE:0cxx_alias_templates
    Feature record: CXX_FEATURE:0cxx_alignas
    Feature record: CXX_FEATURE:0cxx_alignof
    Feature record: CXX_FEATURE:0cxx_attributes
    Feature record: CXX_FEATURE:0cxx_attribute_deprecated
    Feature record: CXX_FEATURE:0cxx_auto_type
    Feature record: CXX_FEATURE:0cxx_binary_literals
    Feature record: CXX_FEATURE:0cxx_constexpr
    Feature record: CXX_FEATURE:0cxx_contextual_conversions
    Feature record: CXX_FEATURE:0cxx_decltype
    Feature record: CXX_FEATURE:0cxx_decltype_auto
    Feature record: CXX_FEATURE:0cxx_decltype_incomplete_return_types
    Feature record: CXX_FEATURE:0cxx_default_function_template_args
    Feature record: CXX_FEATURE:0cxx_defaulted_functions
    Feature record: CXX_FEATURE:0cxx_defaulted_move_initializers
    Feature record: CXX_FEATURE:0cxx_delegating_constructors
    Feature record: CXX_FEATURE:0cxx_deleted_functions
    Feature record: CXX_FEATURE:0cxx_digit_separators
    Feature record: CXX_FEATURE:0cxx_enum_forward_declarations
    Feature record: CXX_FEATURE:0cxx_explicit_conversions
    Feature record: CXX_FEATURE:0cxx_extended_friend_declarations
    Feature record: CXX_FEATURE:0cxx_extern_templates
    Feature record: CXX_FEATURE:0cxx_final
    Feature record: CXX_FEATURE:0cxx_func_identifier
    Feature record: CXX_FEATURE:0cxx_generalized_initializers
    Feature record: CXX_FEATURE:0cxx_generic_lambdas
    Feature record: CXX_FEATURE:0cxx_inheriting_constructors
    Feature record: CXX_FEATURE:0cxx_inline_namespaces
    Feature record: CXX_FEATURE:0cxx_lambdas
    Feature record: CXX_FEATURE:0cxx_lambda_init_captures
    Feature record: CXX_FEATURE:0cxx_local_type_template_args
    Feature record: CXX_FEATURE:0cxx_long_long_type
    Feature record: CXX_FEATURE:0cxx_noexcept
    Feature record: CXX_FEATURE:0cxx_nonstatic_member_init
    Feature record: CXX_FEATURE:0cxx_nullptr
    Feature record: CXX_FEATURE:0cxx_override
    Feature record: CXX_FEATURE:0cxx_range_for
    Feature record: CXX_FEATURE:0cxx_raw_string_literals
    Feature record: CXX_FEATURE:0cxx_reference_qualified_functions
    Feature record: CXX_FEATURE:0cxx_relaxed_constexpr
    Feature record: CXX_FEATURE:0cxx_return_type_deduction
    Feature record: CXX_FEATURE:0cxx_right_angle_brackets
    Feature record: CXX_FEATURE:0cxx_rvalue_references
    Feature record: CXX_FEATURE:0cxx_sizeof_member
    Feature record: CXX_FEATURE:0cxx_static_assert
    Feature record: CXX_FEATURE:0cxx_strong_enums
    Feature record: CXX_FEATURE:1cxx_template_template_parameters
    Feature record: CXX_FEATURE:0cxx_thread_local
    Feature record: CXX_FEATURE:0cxx_trailing_return_types
    Feature record: CXX_FEATURE:0cxx_unicode_literals
    Feature record: CXX_FEATURE:0cxx_uniform_initialization
    Feature record: CXX_FEATURE:0cxx_unrestricted_unions
    Feature record: CXX_FEATURE:0cxx_user_literals
    Feature record: CXX_FEATURE:0cxx_variable_templates
    Feature record: CXX_FEATURE:0cxx_variadic_macros
    Feature record: CXX_FEATURE:0cxx_variadic_templates
Performing C++ SOURCE FILE Test HAS_CPP11 succeeded with the following output:
Change Dir: /home/miura/programming/door_api/DooR/CMakeFiles/CMakeTmp

Run Build Command:"/usr/bin/gmake" "cmTC_1c10c/fast"
/usr/bin/gmake -f CMakeFiles/cmTC_1c10c.dir/build.make CMakeFiles/cmTC_1c10c.dir/build
gmake[1]: Entering directory `/home/miura/programming/door_api/DooR/CMakeFiles/CMakeTmp'
Building CXX object CMakeFiles/cmTC_1c10c.dir/src.cxx.o
/usr/bin/c++     -DHAS_CPP11   -std=c++11 -o CMakeFiles/cmTC_1c10c.dir/src.cxx.o -c /home/miura/programming/door_api/DooR/CMakeFiles/CMakeTmp/src.cxx
Linking CXX executable cmTC_1c10c
/usr/bin/cmake3 -E cmake_link_script CMakeFiles/cmTC_1c10c.dir/link.txt --verbose=1
/usr/bin/c++    -DHAS_CPP11    CMakeFiles/cmTC_1c10c.dir/src.cxx.o  -o cmTC_1c10c -rdynamic 
gmake[1]: Leaving directory `/home/miura/programming/door_api/DooR/CMakeFiles/CMakeTmp'

Source file was:
int main() { return 0; }
Performing C++ SOURCE FILE Test HAS_CPP11 succeeded with the following output:
Change Dir: /home/miura/programming/door_api/DooR/CMakeFiles/CMakeTmp

Run Build Command:"/usr/bin/gmake" "cmTC_b7fe2/fast"
/usr/bin/gmake -f CMakeFiles/cmTC_b7fe2.dir/build.make CMakeFiles/cmTC_b7fe2.dir/build
gmake[1]: Entering directory `/home/miura/programming/door_api/DooR/CMakeFiles/CMakeTmp'
Building CXX object CMakeFiles/cmTC_b7fe2.dir/src.cxx.o
/usr/bin/c++     -DHAS_CPP11   -std=c++11 -o CMakeFiles/cmTC_b7fe2.dir/src.cxx.o -c /home/miura/programming/door_api/DooR/CMakeFiles/CMakeTmp/src.cxx
Linking CXX executable cmTC_b7fe2
/usr/bin/cmake3 -E cmake_link_script CMakeFiles/cmTC_b7fe2.dir/link.txt --verbose=1
/usr/bin/c++    -DHAS_CPP11    CMakeFiles/cmTC_b7fe2.dir/src.cxx.o  -o cmTC_b7fe2 -rdynamic 
gmake[1]: Leaving directory `/home/miura/programming/door_api/DooR/CMakeFiles/CMakeTmp'

Source file was:
int main() { return 0; }
Performing C++ SOURCE FILE Test HAS_CPP11 succeeded with the following output:
Change Dir: /home/miura/programming/door_api/DooR/CMakeFiles/CMakeTmp

Run Build Command:"/usr/bin/gmake" "cmTC_7967a/fast"
/usr/bin/gmake -f CMakeFiles/cmTC_7967a.dir/build.make CMakeFiles/cmTC_7967a.dir/build
gmake[1]: Entering directory `/home/miura/programming/door_api/DooR/CMakeFiles/CMakeTmp'
Building CXX object CMakeFiles/cmTC_7967a.dir/src.cxx.o
/usr/bin/c++     -DHAS_CPP11   -std=c++11 -o CMakeFiles/cmTC_7967a.dir/src.cxx.o -c /home/miura/programming/door_api/DooR/CMakeFiles/CMakeTmp/src.cxx
Linking CXX executable cmTC_7967a
/usr/bin/cmake3 -E cmake_link_script CMakeFiles/cmTC_7967a.dir/link.txt --verbose=1
/usr/bin/c++    -DHAS_CPP11    CMakeFiles/cmTC_7967a.dir/src.cxx.o  -o cmTC_7967a -rdynamic 
gmake[1]: Leaving directory `/home/miura/programming/door_api/DooR/CMakeFiles/CMakeTmp'

Source file was:
int main() { return 0; }
Performing C++ SOURCE FILE Test HAS_CPP11 succeeded with the following output:
Change Dir: /home/miura/programming/door_api/DooR/CMakeFiles/CMakeTmp

Run Build Command:"/usr/bin/gmake" "cmTC_00b60/fast"
/usr/bin/gmake -f CMakeFiles/cmTC_00b60.dir/build.make CMakeFiles/cmTC_00b60.dir/build
gmake[1]: Entering directory `/home/miura/programming/door_api/DooR/CMakeFiles/CMakeTmp'
Building CXX object CMakeFiles/cmTC_00b60.dir/src.cxx.o
/usr/bin/c++     -DHAS_CPP11   -std=c++11 -o CMakeFiles/cmTC_00b60.dir/src.cxx.o -c /home/miura/programming/door_api/DooR/CMakeFiles/CMakeTmp/src.cxx
Linking CXX executable cmTC_00b60
/usr/bin/cmake3 -E cmake_link_script CMakeFiles/cmTC_00b60.dir/link.txt --verbose=1
/usr/bin/c++    -DHAS_CPP11    CMakeFiles/cmTC_00b60.dir/src.cxx.o  -o cmTC_00b60 -rdynamic 
gmake[1]: Leaving directory `/home/miura/programming/door_api/DooR/CMakeFiles/CMakeTmp'

Source file was:
int main() { return 0; }
Performing C++ SOURCE FILE Test HAS_CPP11 succeeded with the following output:
Change Dir: /home/miura/programming/door_api/DooR/CMakeFiles/CMakeTmp

Run Build Command:"/usr/bin/gmake" "cmTC_34495/fast"
/usr/bin/gmake -f CMakeFiles/cmTC_34495.dir/build.make CMakeFiles/cmTC_34495.dir/build
gmake[1]: Entering directory `/home/miura/programming/door_api/DooR/CMakeFiles/CMakeTmp'
Building CXX object CMakeFiles/cmTC_34495.dir/src.cxx.o
/usr/bin/c++     -DHAS_CPP11   -std=c++11 -o CMakeFiles/cmTC_34495.dir/src.cxx.o -c /home/miura/programming/door_api/DooR/CMakeFiles/CMakeTmp/src.cxx
Linking CXX executable cmTC_34495
/usr/bin/cmake3 -E cmake_link_script CMakeFiles/cmTC_34495.dir/link.txt --verbose=1
/usr/bin/c++    -DHAS_CPP11    CMakeFiles/cmTC_34495.dir/src.cxx.o  -o cmTC_34495 -rdynamic 
gmake[1]: Leaving directory `/home/miura/programming/door_api/DooR/CMakeFiles/CMakeTmp'

Source file was:
int main() { return 0; }
Performing C++ SOURCE FILE Test HAS_CPP11 succeeded with the following output:
Change Dir: /home/miura/programming/door_api/DooR/CMakeFiles/CMakeTmp

Run Build Command:"/usr/bin/gmake" "cmTC_0d418/fast"
/usr/bin/gmake -f CMakeFiles/cmTC_0d418.dir/build.make CMakeFiles/cmTC_0d418.dir/build
gmake[1]: Entering directory `/home/miura/programming/door_api/DooR/CMakeFiles/CMakeTmp'
Building CXX object CMakeFiles/cmTC_0d418.dir/src.cxx.o
/usr/bin/c++     -DHAS_CPP11   -std=c++11 -o CMakeFiles/cmTC_0d418.dir/src.cxx.o -c /home/miura/programming/door_api/DooR/CMakeFiles/CMakeTmp/src.cxx
Linking CXX executable cmTC_0d418
/usr/bin/cmake3 -E cmake_link_script CMakeFiles/cmTC_0d418.dir/link.txt --verbose=1
/usr/bin/c++    -DHAS_CPP11    CMakeFiles/cmTC_0d418.dir/src.cxx.o  -o cmTC_0d418 -rdynamic 
gmake[1]: Leaving directory `/home/miura/programming/door_api/DooR/CMakeFiles/CMakeTmp'

Source file was:
int main() { return 0; }
Performing C++ SOURCE FILE Test HAS_CPP11 succeeded with the following output:
Change Dir: /home/miura/programming/door_api/DooR/CMakeFiles/CMakeTmp

Run Build Command:"/usr/bin/gmake" "cmTC_04680/fast"
/usr/bin/gmake -f CMakeFiles/cmTC_04680.dir/build.make CMakeFiles/cmTC_04680.dir/build
gmake[1]: Entering directory `/home/miura/programming/door_api/DooR/CMakeFiles/CMakeTmp'
Building CXX object CMakeFiles/cmTC_04680.dir/src.cxx.o
/usr/bin/c++     -DHAS_CPP11   -std=c++11 -o CMakeFiles/cmTC_04680.dir/src.cxx.o -c /home/miura/programming/door_api/DooR/CMakeFiles/CMakeTmp/src.cxx
Linking CXX executable cmTC_04680
/usr/bin/cmake3 -E cmake_link_script CMakeFiles/cmTC_04680.dir/link.txt --verbose=1
/usr/bin/c++    -DHAS_CPP11    CMakeFiles/cmTC_04680.dir/src.cxx.o  -o cmTC_04680 -rdynamic 
gmake[1]: Leaving directory `/home/miura/programming/door_api/DooR/CMakeFiles/CMakeTmp'

Source file was:
int main() { return 0; }
Performing C++ SOURCE FILE Test HAS_CPP11 succeeded with the following output:
Change Dir: /home/miura/programming/door_api/DooR/CMakeFiles/CMakeTmp

Run Build Command:"/usr/bin/gmake" "cmTC_d1dc1/fast"
/usr/bin/gmake -f CMakeFiles/cmTC_d1dc1.dir/build.make CMakeFiles/cmTC_d1dc1.dir/build
gmake[1]: Entering directory `/home/miura/programming/door_api/DooR/CMakeFiles/CMakeTmp'
Building CXX object CMakeFiles/cmTC_d1dc1.dir/src.cxx.o
/usr/bin/c++     -DHAS_CPP11   -std=c++11 -o CMakeFiles/cmTC_d1dc1.dir/src.cxx.o -c /home/miura/programming/door_api/DooR/CMakeFiles/CMakeTmp/src.cxx
Linking CXX executable cmTC_d1dc1
/usr/bin/cmake3 -E cmake_link_script CMakeFiles/cmTC_d1dc1.dir/link.txt --verbose=1
/usr/bin/c++    -DHAS_CPP11    CMakeFiles/cmTC_d1dc1.dir/src.cxx.o  -o cmTC_d1dc1 -rdynamic 
gmake[1]: Leaving directory `/home/miura/programming/door_api/DooR/CMakeFiles/CMakeTmp'

Source file was:
int main() { return 0; }
Performing C++ SOURCE FILE Test HAS_CPP11 succeeded with the following output:
Change Dir: /home/miura/programming/door_api/DooR/CMakeFiles/CMakeTmp

Run Build Command:"/usr/bin/gmake" "cmTC_25006/fast"
/usr/bin/gmake -f CMakeFiles/cmTC_25006.dir/build.make CMakeFiles/cmTC_25006.dir/build
gmake[1]: Entering directory `/home/miura/programming/door_api/DooR/CMakeFiles/CMakeTmp'
Building CXX object CMakeFiles/cmTC_25006.dir/src.cxx.o
/usr/bin/c++     -DHAS_CPP11   -std=c++11 -o CMakeFiles/cmTC_25006.dir/src.cxx.o -c /home/miura/programming/door_api/DooR/CMakeFiles/CMakeTmp/src.cxx
Linking CXX executable cmTC_25006
/usr/bin/cmake3 -E cmake_link_script CMakeFiles/cmTC_25006.dir/link.txt --verbose=1
/usr/bin/c++    -DHAS_CPP11    CMakeFiles/cmTC_25006.dir/src.cxx.o  -o cmTC_25006 -rdynamic 
gmake[1]: Leaving directory `/home/miura/programming/door_api/DooR/CMakeFiles/CMakeTmp'

Source file was:
int main() { return 0; }
Performing C++ SOURCE FILE Test HAS_CPP11 succeeded with the following output:
Change Dir: /home/miura/programming/door_api/DooR/CMakeFiles/CMakeTmp

Run Build Command:"/usr/bin/gmake" "cmTC_b4431/fast"
/usr/bin/gmake -f CMakeFiles/cmTC_b4431.dir/build.make CMakeFiles/cmTC_b4431.dir/build
gmake[1]: Entering directory `/home/miura/programming/door_api/DooR/CMakeFiles/CMakeTmp'
Building CXX object CMakeFiles/cmTC_b4431.dir/src.cxx.o
/usr/bin/c++     -DHAS_CPP11   -std=c++11 -o CMakeFiles/cmTC_b4431.dir/src.cxx.o -c /home/miura/programming/door_api/DooR/CMakeFiles/CMakeTmp/src.cxx
Linking CXX executable cmTC_b4431
/usr/bin/cmake3 -E cmake_link_script CMakeFiles/cmTC_b4431.dir/link.txt --verbose=1
/usr/bin/c++    -DHAS_CPP11    CMakeFiles/cmTC_b4431.dir/src.cxx.o  -o cmTC_b4431 -rdynamic 
gmake[1]: Leaving directory `/home/miura/programming/door_api/DooR/CMakeFiles/CMakeTmp'

Source file was:
int main() { return 0; }
Performing C++ SOURCE FILE Test HAS_CPP11 succeeded with the following output:
Change Dir: /home/miura/programming/door_api/DooR/CMakeFiles/CMakeTmp

Run Build Command:"/usr/bin/gmake" "cmTC_87736/fast"
/usr/bin/gmake -f CMakeFiles/cmTC_87736.dir/build.make CMakeFiles/cmTC_87736.dir/build
gmake[1]: Entering directory `/home/miura/programming/door_api/DooR/CMakeFiles/CMakeTmp'
Building CXX object CMakeFiles/cmTC_87736.dir/src.cxx.o
/usr/bin/c++     -DHAS_CPP11   -std=c++11 -o CMakeFiles/cmTC_87736.dir/src.cxx.o -c /home/miura/programming/door_api/DooR/CMakeFiles/CMakeTmp/src.cxx
Linking CXX executable cmTC_87736
/usr/bin/cmake3 -E cmake_link_script CMakeFiles/cmTC_87736.dir/link.txt --verbose=1
/usr/bin/c++    -DHAS_CPP11    CMakeFiles/cmTC_87736.dir/src.cxx.o  -o cmTC_87736 -rdynamic 
gmake[1]: Leaving directory `/home/miura/programming/door_api/DooR/CMakeFiles/CMakeTmp'

Source file was:
int main() { return 0; }
Performing C++ SOURCE FILE Test HAS_CPP11 succeeded with the following output:
Change Dir: /home/miura/programming/door_api/DooR/CMakeFiles/CMakeTmp

Run Build Command:"/usr/bin/gmake" "cmTC_a0b56/fast"
/usr/bin/gmake -f CMakeFiles/cmTC_a0b56.dir/build.make CMakeFiles/cmTC_a0b56.dir/build
gmake[1]: Entering directory `/home/miura/programming/door_api/DooR/CMakeFiles/CMakeTmp'
Building CXX object CMakeFiles/cmTC_a0b56.dir/src.cxx.o
/usr/bin/c++     -DHAS_CPP11   -std=c++11 -o CMakeFiles/cmTC_a0b56.dir/src.cxx.o -c /home/miura/programming/door_api/DooR/CMakeFiles/CMakeTmp/src.cxx
Linking CXX executable cmTC_a0b56
/usr/bin/cmake3 -E cmake_link_script CMakeFiles/cmTC_a0b56.dir/link.txt --verbose=1
/usr/bin/c++    -DHAS_CPP11    CMakeFiles/cmTC_a0b56.dir/src.cxx.o  -o cmTC_a0b56 -rdynamic 
gmake[1]: Leaving directory `/home/miura/programming/door_api/DooR/CMakeFiles/CMakeTmp'

Source file was:
int main() { return 0; }
Performing C++ SOURCE FILE Test HAS_CPP11 succeeded with the following output:
Change Dir: /home/miura/programming/door_api/DooR/CMakeFiles/CMakeTmp

Run Build Command:"/usr/bin/gmake" "cmTC_18eac/fast"
/usr/bin/gmake -f CMakeFiles/cmTC_18eac.dir/build.make CMakeFiles/cmTC_18eac.dir/build
gmake[1]: Entering directory `/home/miura/programming/door_api/DooR/CMakeFiles/CMakeTmp'
Building CXX object CMakeFiles/cmTC_18eac.dir/src.cxx.o
/usr/bin/c++     -DHAS_CPP11   -std=c++11 -o CMakeFiles/cmTC_18eac.dir/src.cxx.o -c /home/miura/programming/door_api/DooR/CMakeFiles/CMakeTmp/src.cxx
Linking CXX executable cmTC_18eac
/usr/bin/cmake3 -E cmake_link_script CMakeFiles/cmTC_18eac.dir/link.txt --verbose=1
/usr/bin/c++    -DHAS_CPP11    CMakeFiles/cmTC_18eac.dir/src.cxx.o  -o cmTC_18eac -rdynamic 
gmake[1]: Leaving directory `/home/miura/programming/door_api/DooR/CMakeFiles/CMakeTmp'

Source file was:
int main() { return 0; }
Performing C++ SOURCE FILE Test HAS_CPP11 succeeded with the following output:
Change Dir: /home/miura/programming/door_api/DooR/CMakeFiles/CMakeTmp

Run Build Command:"/usr/bin/gmake" "cmTC_0ed32/fast"
/usr/bin/gmake -f CMakeFiles/cmTC_0ed32.dir/build.make CMakeFiles/cmTC_0ed32.dir/build
gmake[1]: Entering directory `/home/miura/programming/door_api/DooR/CMakeFiles/CMakeTmp'
Building CXX object CMakeFiles/cmTC_0ed32.dir/src.cxx.o
/usr/bin/c++     -DHAS_CPP11   -std=c++11 -o CMakeFiles/cmTC_0ed32.dir/src.cxx.o -c /home/miura/programming/door_api/DooR/CMakeFiles/CMakeTmp/src.cxx
Linking CXX executable cmTC_0ed32
/usr/bin/cmake3 -E cmake_link_script CMakeFiles/cmTC_0ed32.dir/link.txt --verbose=1
/usr/bin/c++    -DHAS_CPP11    CMakeFiles/cmTC_0ed32.dir/src.cxx.o  -o cmTC_0ed32 -rdynamic 
gmake[1]: Leaving directory `/home/miura/programming/door_api/DooR/CMakeFiles/CMakeTmp'

Source file was:
int main() { return 0; }
Performing C++ SOURCE FILE Test HAS_CPP11 succeeded with the following output:
Change Dir: /home/miura/programming/door_api/DooR/CMakeFiles/CMakeTmp

Run Build Command:"/usr/bin/gmake" "cmTC_14eb4/fast"
/usr/bin/gmake -f CMakeFiles/cmTC_14eb4.dir/build.make CMakeFiles/cmTC_14eb4.dir/build
gmake[1]: Entering directory `/home/miura/programming/door_api/DooR/CMakeFiles/CMakeTmp'
Building CXX object CMakeFiles/cmTC_14eb4.dir/src.cxx.o
/usr/bin/c++     -DHAS_CPP11   -std=c++11 -o CMakeFiles/cmTC_14eb4.dir/src.cxx.o -c /home/miura/programming/door_api/DooR/CMakeFiles/CMakeTmp/src.cxx
Linking CXX executable cmTC_14eb4
/usr/bin/cmake3 -E cmake_link_script CMakeFiles/cmTC_14eb4.dir/link.txt --verbose=1
/usr/bin/c++    -DHAS_CPP11    CMakeFiles/cmTC_14eb4.dir/src.cxx.o  -o cmTC_14eb4 -rdynamic 
gmake[1]: Leaving directory `/home/miura/programming/door_api/DooR/CMakeFiles/CMakeTmp'

Source file was:
int main() { return 0; }
Performing C++ SOURCE FILE Test HAS_CPP11 succeeded with the following output:
Change Dir: /home/miura/programming/door_api/DooR/CMakeFiles/CMakeTmp

Run Build Command:"/usr/bin/gmake" "cmTC_3285b/fast"
/usr/bin/gmake -f CMakeFiles/cmTC_3285b.dir/build.make CMakeFiles/cmTC_3285b.dir/build
gmake[1]: Entering directory `/home/miura/programming/door_api/DooR/CMakeFiles/CMakeTmp'
Building CXX object CMakeFiles/cmTC_3285b.dir/src.cxx.o
/usr/bin/c++     -DHAS_CPP11   -std=c++11 -o CMakeFiles/cmTC_3285b.dir/src.cxx.o -c /home/miura/programming/door_api/DooR/CMakeFiles/CMakeTmp/src.cxx
Linking CXX executable cmTC_3285b
/usr/bin/cmake3 -E cmake_link_script CMakeFiles/cmTC_3285b.dir/link.txt --verbose=1
/usr/bin/c++    -DHAS_CPP11    CMakeFiles/cmTC_3285b.dir/src.cxx.o  -o cmTC_3285b -rdynamic 
gmake[1]: Leaving directory `/home/miura/programming/door_api/DooR/CMakeFiles/CMakeTmp'

Source file was:
int main() { return 0; }
Performing C++ SOURCE FILE Test HAS_CPP11 succeeded with the following output:
Change Dir: /home/miura/programming/door_api/DooR/CMakeFiles/CMakeTmp

Run Build Command:"/usr/bin/gmake" "cmTC_9ebfb/fast"
/usr/bin/gmake -f CMakeFiles/cmTC_9ebfb.dir/build.make CMakeFiles/cmTC_9ebfb.dir/build
gmake[1]: Entering directory `/home/miura/programming/door_api/DooR/CMakeFiles/CMakeTmp'
Building CXX object CMakeFiles/cmTC_9ebfb.dir/src.cxx.o
/usr/bin/c++     -DHAS_CPP11   -std=c++11 -o CMakeFiles/cmTC_9ebfb.dir/src.cxx.o -c /home/miura/programming/door_api/DooR/CMakeFiles/CMakeTmp/src.cxx
Linking CXX executable cmTC_9ebfb
/usr/bin/cmake3 -E cmake_link_script CMakeFiles/cmTC_9ebfb.dir/link.txt --verbose=1
/usr/bin/c++    -DHAS_CPP11    CMakeFiles/cmTC_9ebfb.dir/src.cxx.o  -o cmTC_9ebfb -rdynamic 
gmake[1]: Leaving directory `/home/miura/programming/door_api/DooR/CMakeFiles/CMakeTmp'

Source file was:
int main() { return 0; }
Performing C++ SOURCE FILE Test HAS_CPP11 succeeded with the following output:
Change Dir: /home/miura/programming/door_api/DooR/CMakeFiles/CMakeTmp

Run Build Command:"/usr/bin/gmake" "cmTC_54ee9/fast"
/usr/bin/gmake -f CMakeFiles/cmTC_54ee9.dir/build.make CMakeFiles/cmTC_54ee9.dir/build
gmake[1]: Entering directory `/home/miura/programming/door_api/DooR/CMakeFiles/CMakeTmp'
Building CXX object CMakeFiles/cmTC_54ee9.dir/src.cxx.o
/usr/bin/c++     -DHAS_CPP11   -std=c++11 -o CMakeFiles/cmTC_54ee9.dir/src.cxx.o -c /home/miura/programming/door_api/DooR/CMakeFiles/CMakeTmp/src.cxx
Linking CXX executable cmTC_54ee9
/usr/bin/cmake3 -E cmake_link_script CMakeFiles/cmTC_54ee9.dir/link.txt --verbose=1
/usr/bin/c++    -DHAS_CPP11    CMakeFiles/cmTC_54ee9.dir/src.cxx.o  -o cmTC_54ee9 -rdynamic 
gmake[1]: Leaving directory `/home/miura/programming/door_api/DooR/CMakeFiles/CMakeTmp'

Source file was:
int main() { return 0; }
Performing C++ SOURCE FILE Test HAS_CPP11 succeeded with the following output:
Change Dir: /home/miura/programming/door_api/DooR/CMakeFiles/CMakeTmp

Run Build Command:"/usr/bin/gmake" "cmTC_58341/fast"
/usr/bin/gmake -f CMakeFiles/cmTC_58341.dir/build.make CMakeFiles/cmTC_58341.dir/build
gmake[1]: Entering directory `/home/miura/programming/door_api/DooR/CMakeFiles/CMakeTmp'
Building CXX object CMakeFiles/cmTC_58341.dir/src.cxx.o
/usr/bin/c++     -DHAS_CPP11   -std=c++11 -o CMakeFiles/cmTC_58341.dir/src.cxx.o -c /home/miura/programming/door_api/DooR/CMakeFiles/CMakeTmp/src.cxx
Linking CXX executable cmTC_58341
/usr/bin/cmake3 -E cmake_link_script CMakeFiles/cmTC_58341.dir/link.txt --verbose=1
/usr/bin/c++    -DHAS_CPP11    CMakeFiles/cmTC_58341.dir/src.cxx.o  -o cmTC_58341 -rdynamic 
gmake[1]: Leaving directory `/home/miura/programming/door_api/DooR/CMakeFiles/CMakeTmp'

Source file was:
int main() { return 0; }
Performing C++ SOURCE FILE Test HAS_CPP11 succeeded with the following output:
Change Dir: /home/miura/programming/door_api/DooR/CMakeFiles/CMakeTmp

Run Build Command:"/usr/bin/gmake" "cmTC_7316d/fast"
/usr/bin/gmake -f CMakeFiles/cmTC_7316d.dir/build.make CMakeFiles/cmTC_7316d.dir/build
gmake[1]: Entering directory `/home/miura/programming/door_api/DooR/CMakeFiles/CMakeTmp'
Building CXX object CMakeFiles/cmTC_7316d.dir/src.cxx.o
/usr/bin/c++     -DHAS_CPP11   -std=c++11 -o CMakeFiles/cmTC_7316d.dir/src.cxx.o -c /home/miura/programming/door_api/DooR/CMakeFiles/CMakeTmp/src.cxx
Linking CXX executable cmTC_7316d
/usr/bin/cmake3 -E cmake_link_script CMakeFiles/cmTC_7316d.dir/link.txt --verbose=1
/usr/bin/c++    -DHAS_CPP11    CMakeFiles/cmTC_7316d.dir/src.cxx.o  -o cmTC_7316d -rdynamic 
gmake[1]: Leaving directory `/home/miura/programming/door_api/DooR/CMakeFiles/CMakeTmp'

Source file was:
int main() { return 0; }
Performing C++ SOURCE FILE Test HAS_CPP11 succeeded with the following output:
Change Dir: /home/miura/programming/door_api/DooR/CMakeFiles/CMakeTmp

Run Build Command:"/usr/bin/gmake" "cmTC_caeef/fast"
/usr/bin/gmake -f CMakeFiles/cmTC_caeef.dir/build.make CMakeFiles/cmTC_caeef.dir/build
gmake[1]: Entering directory `/home/miura/programming/door_api/DooR/CMakeFiles/CMakeTmp'
Building CXX object CMakeFiles/cmTC_caeef.dir/src.cxx.o
/usr/bin/c++     -DHAS_CPP11   -std=c++11 -o CMakeFiles/cmTC_caeef.dir/src.cxx.o -c /home/miura/programming/door_api/DooR/CMakeFiles/CMakeTmp/src.cxx
Linking CXX executable cmTC_caeef
/usr/bin/cmake3 -E cmake_link_script CMakeFiles/cmTC_caeef.dir/link.txt --verbose=1
/usr/bin/c++    -DHAS_CPP11    CMakeFiles/cmTC_caeef.dir/src.cxx.o  -o cmTC_caeef -rdynamic 
gmake[1]: Leaving directory `/home/miura/programming/door_api/DooR/CMakeFiles/CMakeTmp'

Source file was:
int main() { return 0; }
Performing C++ SOURCE FILE Test HAS_CPP11 succeeded with the following output:
Change Dir: /home/miura/programming/door_api/DooR/CMakeFiles/CMakeTmp

Run Build Command:"/usr/bin/gmake" "cmTC_5dad5/fast"
/usr/bin/gmake -f CMakeFiles/cmTC_5dad5.dir/build.make CMakeFiles/cmTC_5dad5.dir/build
gmake[1]: Entering directory `/home/miura/programming/door_api/DooR/CMakeFiles/CMakeTmp'
Building CXX object CMakeFiles/cmTC_5dad5.dir/src.cxx.o
/usr/bin/c++     -DHAS_CPP11   -std=c++11 -o CMakeFiles/cmTC_5dad5.dir/src.cxx.o -c /home/miura/programming/door_api/DooR/CMakeFiles/CMakeTmp/src.cxx
Linking CXX executable cmTC_5dad5
/usr/bin/cmake3 -E cmake_link_script CMakeFiles/cmTC_5dad5.dir/link.txt --verbose=1
/usr/bin/c++    -DHAS_CPP11    CMakeFiles/cmTC_5dad5.dir/src.cxx.o  -o cmTC_5dad5 -rdynamic 
gmake[1]: Leaving directory `/home/miura/programming/door_api/DooR/CMakeFiles/CMakeTmp'

Source file was:
int main() { return 0; }
Performing C++ SOURCE FILE Test HAS_CPP11 succeeded with the following output:
Change Dir: /home/miura/programming/door_api/DooR/CMakeFiles/CMakeTmp

Run Build Command:"/usr/bin/gmake" "cmTC_f9eea/fast"
/usr/bin/gmake -f CMakeFiles/cmTC_f9eea.dir/build.make CMakeFiles/cmTC_f9eea.dir/build
gmake[1]: Entering directory `/home/miura/programming/door_api/DooR/CMakeFiles/CMakeTmp'
Building CXX object CMakeFiles/cmTC_f9eea.dir/src.cxx.o
/usr/bin/c++     -DHAS_CPP11   -std=c++11 -o CMakeFiles/cmTC_f9eea.dir/src.cxx.o -c /home/miura/programming/door_api/DooR/CMakeFiles/CMakeTmp/src.cxx
Linking CXX executable cmTC_f9eea
/usr/bin/cmake3 -E cmake_link_script CMakeFiles/cmTC_f9eea.dir/link.txt --verbose=1
/usr/bin/c++    -DHAS_CPP11    CMakeFiles/cmTC_f9eea.dir/src.cxx.o  -o cmTC_f9eea -rdynamic 
gmake[1]: Leaving directory `/home/miura/programming/door_api/DooR/CMakeFiles/CMakeTmp'

Source file was:
int main() { return 0; }
Performing C++ SOURCE FILE Test HAS_CPP11 succeeded with the following output:
Change Dir: /home/miura/programming/door_api/DooR/CMakeFiles/CMakeTmp

Run Build Command:"/usr/bin/gmake" "cmTC_be87c/fast"
/usr/bin/gmake -f CMakeFiles/cmTC_be87c.dir/build.make CMakeFiles/cmTC_be87c.dir/build
gmake[1]: Entering directory `/home/miura/programming/door_api/DooR/CMakeFiles/CMakeTmp'
Building CXX object CMakeFiles/cmTC_be87c.dir/src.cxx.o
/usr/bin/c++     -DHAS_CPP11   -std=c++11 -o CMakeFiles/cmTC_be87c.dir/src.cxx.o -c /home/miura/programming/door_api/DooR/CMakeFiles/CMakeTmp/src.cxx
Linking CXX executable cmTC_be87c
/usr/bin/cmake3 -E cmake_link_script CMakeFiles/cmTC_be87c.dir/link.txt --verbose=1
/usr/bin/c++    -DHAS_CPP11    CMakeFiles/cmTC_be87c.dir/src.cxx.o  -o cmTC_be87c -rdynamic 
gmake[1]: Leaving directory `/home/miura/programming/door_api/DooR/CMakeFiles/CMakeTmp'

Source file was:
int main() { return 0; }
Performing C++ SOURCE FILE Test HAS_CPP11 succeeded with the following output:
Change Dir: /home/miura/programming/door_api/DooR/CMakeFiles/CMakeTmp

Run Build Command:"/usr/bin/gmake" "cmTC_66770/fast"
/usr/bin/gmake -f CMakeFiles/cmTC_66770.dir/build.make CMakeFiles/cmTC_66770.dir/build
gmake[1]: Entering directory `/home/miura/programming/door_api/DooR/CMakeFiles/CMakeTmp'
Building CXX object CMakeFiles/cmTC_66770.dir/src.cxx.o
/usr/bin/c++     -DHAS_CPP11   -std=c++11 -o CMakeFiles/cmTC_66770.dir/src.cxx.o -c /home/miura/programming/door_api/DooR/CMakeFiles/CMakeTmp/src.cxx
Linking CXX executable cmTC_66770
/usr/bin/cmake3 -E cmake_link_script CMakeFiles/cmTC_66770.dir/link.txt --verbose=1
/usr/bin/c++    -DHAS_CPP11    CMakeFiles/cmTC_66770.dir/src.cxx.o  -o cmTC_66770 -rdynamic 
gmake[1]: Leaving directory `/home/miura/programming/door_api/DooR/CMakeFiles/CMakeTmp'

Source file was:
int main() { return 0; }
Performing C++ SOURCE FILE Test HAS_CPP11 succeeded with the following output:
Change Dir: /home/miura/programming/door_api/DooR/CMakeFiles/CMakeTmp

Run Build Command:"/usr/bin/gmake" "cmTC_39a7b/fast"
/usr/bin/gmake -f CMakeFiles/cmTC_39a7b.dir/build.make CMakeFiles/cmTC_39a7b.dir/build
gmake[1]: Entering directory `/home/miura/programming/door_api/DooR/CMakeFiles/CMakeTmp'
Building CXX object CMakeFiles/cmTC_39a7b.dir/src.cxx.o
/usr/bin/c++     -DHAS_CPP11   -std=c++11 -o CMakeFiles/cmTC_39a7b.dir/src.cxx.o -c /home/miura/programming/door_api/DooR/CMakeFiles/CMakeTmp/src.cxx
Linking CXX executable cmTC_39a7b
/usr/bin/cmake3 -E cmake_link_script CMakeFiles/cmTC_39a7b.dir/link.txt --verbose=1
/usr/bin/c++    -DHAS_CPP11    CMakeFiles/cmTC_39a7b.dir/src.cxx.o  -o cmTC_39a7b -rdynamic 
gmake[1]: Leaving directory `/home/miura/programming/door_api/DooR/CMakeFiles/CMakeTmp'

Source file was:
int main() { return 0; }
Performing C++ SOURCE FILE Test HAS_CPP11 succeeded with the following output:
Change Dir: /home/miura/programming/door_api/DooR/CMakeFiles/CMakeTmp

Run Build Command:"/usr/bin/gmake" "cmTC_edad2/fast"
/usr/bin/gmake -f CMakeFiles/cmTC_edad2.dir/build.make CMakeFiles/cmTC_edad2.dir/build
gmake[1]: Entering directory `/home/miura/programming/door_api/DooR/CMakeFiles/CMakeTmp'
Building CXX object CMakeFiles/cmTC_edad2.dir/src.cxx.o
/usr/bin/c++     -DHAS_CPP11   -std=c++11 -o CMakeFiles/cmTC_edad2.dir/src.cxx.o -c /home/miura/programming/door_api/DooR/CMakeFiles/CMakeTmp/src.cxx
Linking CXX executable cmTC_edad2
/usr/bin/cmake3 -E cmake_link_script CMakeFiles/cmTC_edad2.dir/link.txt --verbose=1
/usr/bin/c++    -DHAS_CPP11    CMakeFiles/cmTC_edad2.dir/src.cxx.o  -o cmTC_edad2 -rdynamic 
gmake[1]: Leaving directory `/home/miura/programming/door_api/DooR/CMakeFiles/CMakeTmp'

Source file was:
int main() { return 0; }
Performing C++ SOURCE FILE Test HAS_CPP11 succeeded with the following output:
Change Dir: /home/miura/programming/door_api/DooR/CMakeFiles/CMakeTmp

Run Build Command:"/usr/bin/gmake" "cmTC_d8c1e/fast"
/usr/bin/gmake -f CMakeFiles/cmTC_d8c1e.dir/build.make CMakeFiles/cmTC_d8c1e.dir/build
gmake[1]: Entering directory `/home/miura/programming/door_api/DooR/CMakeFiles/CMakeTmp'
Building CXX object CMakeFiles/cmTC_d8c1e.dir/src.cxx.o
/usr/bin/c++     -DHAS_CPP11   -std=c++11 -o CMakeFiles/cmTC_d8c1e.dir/src.cxx.o -c /home/miura/programming/door_api/DooR/CMakeFiles/CMakeTmp/src.cxx
Linking CXX executable cmTC_d8c1e
/usr/bin/cmake3 -E cmake_link_script CMakeFiles/cmTC_d8c1e.dir/link.txt --verbose=1
/usr/bin/c++    -DHAS_CPP11    CMakeFiles/cmTC_d8c1e.dir/src.cxx.o  -o cmTC_d8c1e -rdynamic 
gmake[1]: Leaving directory `/home/miura/programming/door_api/DooR/CMakeFiles/CMakeTmp'

Source file was:
int main() { return 0; }
Performing C++ SOURCE FILE Test HAS_CPP11 succeeded with the following output:
Change Dir: /home/miura/programming/door_api/DooR/CMakeFiles/CMakeTmp

Run Build Command:"/usr/bin/gmake" "cmTC_a98c3/fast"
/usr/bin/gmake -f CMakeFiles/cmTC_a98c3.dir/build.make CMakeFiles/cmTC_a98c3.dir/build
gmake[1]: Entering directory `/home/miura/programming/door_api/DooR/CMakeFiles/CMakeTmp'
Building CXX object CMakeFiles/cmTC_a98c3.dir/src.cxx.o
/usr/bin/c++     -DHAS_CPP11   -std=c++11 -o CMakeFiles/cmTC_a98c3.dir/src.cxx.o -c /home/miura/programming/door_api/DooR/CMakeFiles/CMakeTmp/src.cxx
Linking CXX executable cmTC_a98c3
/usr/bin/cmake3 -E cmake_link_script CMakeFiles/cmTC_a98c3.dir/link.txt --verbose=1
/usr/bin/c++    -DHAS_CPP11    CMakeFiles/cmTC_a98c3.dir/src.cxx.o  -o cmTC_a98c3 -rdynamic 
gmake[1]: Leaving directory `/home/miura/programming/door_api/DooR/CMakeFiles/CMakeTmp'

Source file was:
int main() { return 0; }
Performing C++ SOURCE FILE Test HAS_CPP11 succeeded with the following output:
Change Dir: /home/miura/programming/door_api/DooR/CMakeFiles/CMakeTmp

Run Build Command:"/usr/bin/gmake" "cmTC_ee5f2/fast"
/usr/bin/gmake -f CMakeFiles/cmTC_ee5f2.dir/build.make CMakeFiles/cmTC_ee5f2.dir/build
gmake[1]: Entering directory `/home/miura/programming/door_api/DooR/CMakeFiles/CMakeTmp'
Building CXX object CMakeFiles/cmTC_ee5f2.dir/src.cxx.o
/usr/bin/c++     -DHAS_CPP11   -std=c++11 -o CMakeFiles/cmTC_ee5f2.dir/src.cxx.o -c /home/miura/programming/door_api/DooR/CMakeFiles/CMakeTmp/src.cxx
Linking CXX executable cmTC_ee5f2
/usr/bin/cmake3 -E cmake_link_script CMakeFiles/cmTC_ee5f2.dir/link.txt --verbose=1
/usr/bin/c++    -DHAS_CPP11    CMakeFiles/cmTC_ee5f2.dir/src.cxx.o  -o cmTC_ee5f2 -rdynamic 
gmake[1]: Leaving directory `/home/miura/programming/door_api/DooR/CMakeFiles/CMakeTmp'

Source file was:
int main() { return 0; }
Performing C++ SOURCE FILE Test HAS_CPP11 succeeded with the following output:
Change Dir: /home/miura/programming/door_api/DooR/CMakeFiles/CMakeTmp

Run Build Command:"/usr/bin/gmake" "cmTC_63251/fast"
/usr/bin/gmake -f CMakeFiles/cmTC_63251.dir/build.make CMakeFiles/cmTC_63251.dir/build
gmake[1]: Entering directory `/home/miura/programming/door_api/DooR/CMakeFiles/CMakeTmp'
Building CXX object CMakeFiles/cmTC_63251.dir/src.cxx.o
/usr/bin/c++     -DHAS_CPP11   -std=c++11 -o CMakeFiles/cmTC_63251.dir/src.cxx.o -c /home/miura/programming/door_api/DooR/CMakeFiles/CMakeTmp/src.cxx
Linking CXX executable cmTC_63251
/usr/bin/cmake3 -E cmake_link_script CMakeFiles/cmTC_63251.dir/link.txt --verbose=1
/usr/bin/c++    -DHAS_CPP11    CMakeFiles/cmTC_63251.dir/src.cxx.o  -o cmTC_63251 -rdynamic 
gmake[1]: Leaving directory `/home/miura/programming/door_api/DooR/CMakeFiles/CMakeTmp'

Source file was:
int main() { return 0; }
Performing C++ SOURCE FILE Test HAS_CPP11 succeeded with the following output:
Change Dir: /home/miura/programming/door_api/DooR/CMakeFiles/CMakeTmp

Run Build Command:"/usr/bin/gmake" "cmTC_f5ee0/fast"
/usr/bin/gmake -f CMakeFiles/cmTC_f5ee0.dir/build.make CMakeFiles/cmTC_f5ee0.dir/build
gmake[1]: Entering directory `/home/miura/programming/door_api/DooR/CMakeFiles/CMakeTmp'
Building CXX object CMakeFiles/cmTC_f5ee0.dir/src.cxx.o
/usr/bin/c++     -DHAS_CPP11   -std=c++11 -o CMakeFiles/cmTC_f5ee0.dir/src.cxx.o -c /home/miura/programming/door_api/DooR/CMakeFiles/CMakeTmp/src.cxx
Linking CXX executable cmTC_f5ee0
/usr/bin/cmake3 -E cmake_link_script CMakeFiles/cmTC_f5ee0.dir/link.txt --verbose=1
/usr/bin/c++    -DHAS_CPP11    CMakeFiles/cmTC_f5ee0.dir/src.cxx.o  -o cmTC_f5ee0 -rdynamic 
gmake[1]: Leaving directory `/home/miura/programming/door_api/DooR/CMakeFiles/CMakeTmp'

Source file was:
int main() { return 0; }
Performing C++ SOURCE FILE Test HAS_CPP11 succeeded with the following output:
Change Dir: /home/miura/programming/door_api/DooR/CMakeFiles/CMakeTmp

Run Build Command:"/usr/bin/gmake" "cmTC_47316/fast"
/usr/bin/gmake -f CMakeFiles/cmTC_47316.dir/build.make CMakeFiles/cmTC_47316.dir/build
gmake[1]: Entering directory `/home/miura/programming/door_api/DooR/CMakeFiles/CMakeTmp'
Building CXX object CMakeFiles/cmTC_47316.dir/src.cxx.o
/usr/bin/c++     -DHAS_CPP11   -std=c++11 -o CMakeFiles/cmTC_47316.dir/src.cxx.o -c /home/miura/programming/door_api/DooR/CMakeFiles/CMakeTmp/src.cxx
Linking CXX executable cmTC_47316
/usr/bin/cmake3 -E cmake_link_script CMakeFiles/cmTC_47316.dir/link.txt --verbose=1
/usr/bin/c++    -DHAS_CPP11    CMakeFiles/cmTC_47316.dir/src.cxx.o  -o cmTC_47316 -rdynamic 
gmake[1]: Leaving directory `/home/miura/programming/door_api/DooR/CMakeFiles/CMakeTmp'

Source file was:
int main() { return 0; }
Performing C++ SOURCE FILE Test HAS_CPP11 succeeded with the following output:
Change Dir: /home/miura/programming/door_api/DooR/CMakeFiles/CMakeTmp

Run Build Command:"/usr/bin/gmake" "cmTC_84a36/fast"
/usr/bin/gmake -f CMakeFiles/cmTC_84a36.dir/build.make CMakeFiles/cmTC_84a36.dir/build
gmake[1]: Entering directory `/home/miura/programming/door_api/DooR/CMakeFiles/CMakeTmp'
Building CXX object CMakeFiles/cmTC_84a36.dir/src.cxx.o
/usr/bin/c++     -DHAS_CPP11   -std=c++11 -o CMakeFiles/cmTC_84a36.dir/src.cxx.o -c /home/miura/programming/door_api/DooR/CMakeFiles/CMakeTmp/src.cxx
Linking CXX executable cmTC_84a36
/usr/bin/cmake3 -E cmake_link_script CMakeFiles/cmTC_84a36.dir/link.txt --verbose=1
/usr/bin/c++    -DHAS_CPP11    CMakeFiles/cmTC_84a36.dir/src.cxx.o  -o cmTC_84a36 -rdynamic 
gmake[1]: Leaving directory `/home/miura/programming/door_api/DooR/CMakeFiles/CMakeTmp'

Source file was:
int main() { return 0; }
Performing C++ SOURCE FILE Test HAS_CPP11 succeeded with the following output:
Change Dir: /home/miura/programming/door_api/DooR/CMakeFiles/CMakeTmp

Run Build Command:"/usr/bin/gmake" "cmTC_d366c/fast"
/usr/bin/gmake -f CMakeFiles/cmTC_d366c.dir/build.make CMakeFiles/cmTC_d366c.dir/build
gmake[1]: Entering directory `/home/miura/programming/door_api/DooR/CMakeFiles/CMakeTmp'
Building CXX object CMakeFiles/cmTC_d366c.dir/src.cxx.o
/usr/bin/c++     -DHAS_CPP11   -std=c++11 -o CMakeFiles/cmTC_d366c.dir/src.cxx.o -c /home/miura/programming/door_api/DooR/CMakeFiles/CMakeTmp/src.cxx
Linking CXX executable cmTC_d366c
/usr/bin/cmake3 -E cmake_link_script CMakeFiles/cmTC_d366c.dir/link.txt --verbose=1
/usr/bin/c++    -DHAS_CPP11    CMakeFiles/cmTC_d366c.dir/src.cxx.o  -o cmTC_d366c -rdynamic 
gmake[1]: Leaving directory `/home/miura/programming/door_api/DooR/CMakeFiles/CMakeTmp'

Source file was:
int main() { return 0; }
Performing C++ SOURCE FILE Test HAS_CPP11 succeeded with the following output:
Change Dir: /home/miura/programming/door_api/DooR/CMakeFiles/CMakeTmp

Run Build Command:"/usr/bin/gmake" "cmTC_8e183/fast"
/usr/bin/gmake -f CMakeFiles/cmTC_8e183.dir/build.make CMakeFiles/cmTC_8e183.dir/build
gmake[1]: Entering directory `/home/miura/programming/door_api/DooR/CMakeFiles/CMakeTmp'
Building CXX object CMakeFiles/cmTC_8e183.dir/src.cxx.o
/usr/bin/c++     -DHAS_CPP11   -std=c++11 -o CMakeFiles/cmTC_8e183.dir/src.cxx.o -c /home/miura/programming/door_api/DooR/CMakeFiles/CMakeTmp/src.cxx
Linking CXX executable cmTC_8e183
/usr/bin/cmake3 -E cmake_link_script CMakeFiles/cmTC_8e183.dir/link.txt --verbose=1
/usr/bin/c++    -DHAS_CPP11    CMakeFiles/cmTC_8e183.dir/src.cxx.o  -o cmTC_8e183 -rdynamic 
gmake[1]: Leaving directory `/home/miura/programming/door_api/DooR/CMakeFiles/CMakeTmp'

Source file was:
int main() { return 0; }
Performing C++ SOURCE FILE Test HAS_CPP11 succeeded with the following output:
Change Dir: /home/miura/programming/door_api/DooR/CMakeFiles/CMakeTmp

Run Build Command:"/usr/bin/gmake" "cmTC_c03c1/fast"
/usr/bin/gmake -f CMakeFiles/cmTC_c03c1.dir/build.make CMakeFiles/cmTC_c03c1.dir/build
gmake[1]: Entering directory `/home/miura/programming/door_api/DooR/CMakeFiles/CMakeTmp'
Building CXX object CMakeFiles/cmTC_c03c1.dir/src.cxx.o
/usr/bin/c++     -DHAS_CPP11   -std=c++11 -o CMakeFiles/cmTC_c03c1.dir/src.cxx.o -c /home/miura/programming/door_api/DooR/CMakeFiles/CMakeTmp/src.cxx
Linking CXX executable cmTC_c03c1
/usr/bin/cmake3 -E cmake_link_script CMakeFiles/cmTC_c03c1.dir/link.txt --verbose=1
/usr/bin/c++    -DHAS_CPP11    CMakeFiles/cmTC_c03c1.dir/src.cxx.o  -o cmTC_c03c1 -rdynamic 
gmake[1]: Leaving directory `/home/miura/programming/door_api/DooR/CMakeFiles/CMakeTmp'

Source file was:
int main() { return 0; }
Performing C++ SOURCE FILE Test HAS_CPP11 succeeded with the following output:
Change Dir: /home/miura/programming/door_api/DooR/CMakeFiles/CMakeTmp

Run Build Command:"/usr/bin/gmake" "cmTC_f8055/fast"
/usr/bin/gmake -f CMakeFiles/cmTC_f8055.dir/build.make CMakeFiles/cmTC_f8055.dir/build
gmake[1]: Entering directory `/home/miura/programming/door_api/DooR/CMakeFiles/CMakeTmp'
Building CXX object CMakeFiles/cmTC_f8055.dir/src.cxx.o
/usr/bin/c++     -DHAS_CPP11   -std=c++11 -o CMakeFiles/cmTC_f8055.dir/src.cxx.o -c /home/miura/programming/door_api/DooR/CMakeFiles/CMakeTmp/src.cxx
Linking CXX executable cmTC_f8055
/usr/bin/cmake3 -E cmake_link_script CMakeFiles/cmTC_f8055.dir/link.txt --verbose=1
/usr/bin/c++    -DHAS_CPP11    CMakeFiles/cmTC_f8055.dir/src.cxx.o  -o cmTC_f8055 -rdynamic 
gmake[1]: Leaving directory `/home/miura/programming/door_api/DooR/CMakeFiles/CMakeTmp'

Source file was:
int main() { return 0; }
Performing C++ SOURCE FILE Test HAS_CPP11 succeeded with the following output:
Change Dir: /home/miura/programming/door_api/DooR/CMakeFiles/CMakeTmp

Run Build Command:"/usr/bin/gmake" "cmTC_f62e1/fast"
/usr/bin/gmake -f CMakeFiles/cmTC_f62e1.dir/build.make CMakeFiles/cmTC_f62e1.dir/build
gmake[1]: Entering directory `/home/miura/programming/door_api/DooR/CMakeFiles/CMakeTmp'
Building CXX object CMakeFiles/cmTC_f62e1.dir/src.cxx.o
/usr/bin/c++     -DHAS_CPP11   -std=c++11 -o CMakeFiles/cmTC_f62e1.dir/src.cxx.o -c /home/miura/programming/door_api/DooR/CMakeFiles/CMakeTmp/src.cxx
Linking CXX executable cmTC_f62e1
/usr/bin/cmake3 -E cmake_link_script CMakeFiles/cmTC_f62e1.dir/link.txt --verbose=1
/usr/bin/c++    -DHAS_CPP11    CMakeFiles/cmTC_f62e1.dir/src.cxx.o  -o cmTC_f62e1 -rdynamic 
gmake[1]: Leaving directory `/home/miura/programming/door_api/DooR/CMakeFiles/CMakeTmp'

Source file was:
int main() { return 0; }
Performing C++ SOURCE FILE Test HAS_CPP11 succeeded with the following output:
Change Dir: /home/miura/programming/door_api/DooR/CMakeFiles/CMakeTmp

Run Build Command:"/usr/bin/gmake" "cmTC_53b43/fast"
/usr/bin/gmake -f CMakeFiles/cmTC_53b43.dir/build.make CMakeFiles/cmTC_53b43.dir/build
gmake[1]: Entering directory `/home/miura/programming/door_api/DooR/CMakeFiles/CMakeTmp'
Building CXX object CMakeFiles/cmTC_53b43.dir/src.cxx.o
/usr/bin/c++     -DHAS_CPP11   -std=c++11 -o CMakeFiles/cmTC_53b43.dir/src.cxx.o -c /home/miura/programming/door_api/DooR/CMakeFiles/CMakeTmp/src.cxx
Linking CXX executable cmTC_53b43
/usr/bin/cmake3 -E cmake_link_script CMakeFiles/cmTC_53b43.dir/link.txt --verbose=1
/usr/bin/c++    -DHAS_CPP11    CMakeFiles/cmTC_53b43.dir/src.cxx.o  -o cmTC_53b43 -rdynamic 
gmake[1]: Leaving directory `/home/miura/programming/door_api/DooR/CMakeFiles/CMakeTmp'

Source file was:
int main() { return 0; }
